This is pdfTeX, Version 3.14159265-2.6-1.40.19 (MiKTeX 2.9.6745 64-bit) (preloaded format=preamble 2018.8.26)  26 AUG 2018 21:51
entering extended mode
**./main.tex
(main.tex
LaTeX2e <2018-04-01> patch level 5

==============================================================================
JOB NAME         : "main"
CUSTOMISED FORMAT: "preamble"
PRELOADED FILES:
 scrbook.cls    2018/03/30 v3.25 KOMA-Script document class (book)
scrkbase.sty    2018/03/30 v3.25 KOMA-Script package (KOMA-Script-dependent bas
ics and keyval usage)
 scrbase.sty    2018/03/30 v3.25 KOMA-Script package (KOMA-Script-independent b
asics and keyval usage)
  keyval.sty    2014/10/28 v1.15 key=value parser (DPC)
scrlfile.sty    2018/03/30 v3.25 KOMA-Script package (loading files)
tocbasic.sty    2018/03/30 v3.25 KOMA-Script package (handling toc-files)
   fleqn.clo    2016/12/29 v1.2a Standard LaTeX option (flush left equations)
scrsize10pt.clo    2018/03/30 v3.25 KOMA-Script font size class option (10pt)
typearea.sty    2018/03/30 v3.25 KOMA-Script package (type area)
_preamble/main_packages.tex
inputenc.sty    2018/04/06 v1.3b Input encoding file
   babel.sty    2018/06/05 3.22 The Babel package
 bblopts.cfg    2005/09/08 v0.1 add Arabic and Farsi to "declared" options of b
abel
 ngerman.ldf    2018/03/29 v2.10 German support for babel (post-1996 orthograph
y)
 fontenc.sty
   t1enc.def    2017/04/05 v2.0i Standard LaTeX file
 amsmath.sty    2017/09/02 v2.17a AMS math features
 amstext.sty    2000/06/29 v2.01 AMS text
  amsgen.sty    1999/11/30 v2.0 generic functions
  amsbsy.sty    1999/11/29 v1.2d Bold Symbols
  amsopn.sty    2016/03/08 v2.02 operator names
amsfonts.sty    2013/01/14 v3.01 Basic AMSFonts support
 amssymb.sty    2013/01/14 v3.01 AMS font symbols
  amsthm.sty    2017/10/31 v2.20.4
 exscale.sty    2014/09/29 v2.1h Standard LaTeX package exscale
verbatim.sty    2014/10/28 v1.5q LaTeX2e package for verbatim enhancements
   float.sty    2001/11/08 v1.3d Float enhancements (AL)
standalone.sty    2018/03/26 v1.3a Package to include TeX sub-files with preamb
les
shellesc.sty    2016/06/07 v0.02a unified shell escape interface for LaTeX
ifluatex.sty    2016/05/16 v1.4 Provides the ifluatex switch (HO)
   ifpdf.sty    2017/03/15 v3.2 Provides the ifpdf switch
 ifxetex.sty    2010/09/12 v0.6 Provides ifxetex conditional
 xkeyval.sty    2014/12/03 v2.7a package option processing (HA)
 xkeyval.tex    2014/12/03 v2.7a key=value parser (HA)
currfile.sty    2015/04/23 v0.7c Provides the file path elements of the current
 input file
kvoptions.sty    2016/05/16 v3.12 Key value format for package options (HO)
 ltxcmds.sty    2016/05/16 v1.23 LaTeX kernel commands for general use (HO)
kvsetkeys.sty    2016/05/16 v1.17 Key value parser (HO)
infwarerr.sty    2016/05/16 v1.4 Providing info/warning/error messages (HO)
etexcmds.sty    2016/05/16 v1.6 Avoid name clashes with e-TeX commands (HO)
filehook.sty    2011/10/12 v0.5d Hooks for input files
filehook-scrlfile.sty    2011/01/03 v0.1 filehook patch for scrlfile package
gincltex.sty    2011/09/04 v0.3 Include external LaTeX files like graphics
svn-prov.sty    2010/04/24 v3.1862 Package Date/Version from SVN Keywords
adjustbox.sty    2018/04/08 v1.1 Adjusting TeX boxes (trim, clip, ...)
 adjcalc.sty    2012/05/16 v1.1 Provides advanced setlength with multiple back-
ends (calc, etex, pgfmath)
trimclip.sty    2018/04/08 v1.1 Trim and clip general TeX material
graphicx.sty    2017/06/01 v1.1a Enhanced LaTeX Graphics (DPC,SPQR)
graphics.sty    2017/06/25 v1.2c Standard LaTeX Graphics (DPC,SPQR)
    trig.sty    2016/01/03 v1.10 sin cos tan (DPC)
graphics.cfg    2016/06/04 v1.11 sample graphics configuration
  pdftex.def    2018/01/08 v1.0l Graphics/color driver for pdftex
collectbox.sty    2012/05/17 v0.4b Collect macro arguments as boxes
tc-pdftex.def    2018/04/08 v2.1 Clipping driver for pdftex
ifoddpage.sty    2016/04/23 v1.1 Conditionals for odd/even page detection
varwidth.sty    2009/03/30 ver 0.92;  Variable-width minipages
filemod-expmin.sty    2011/09/19 v1.2 Get and compare file modification times (
expandable; minimal)
scrlayer-scrpage.sty    2018/03/30 v3.25 KOMA-Script package (end user interfac
e for scrlayer)
scrlayer.sty    2018/03/30 v3.25 KOMA-Script package (defining layers and page 
styles)
setspace.sty    2011/12/19 v6.7a set line spacing
geometry.sty    2018/04/16 v5.8 Page Geometry
  ifvtex.sty    2016/05/16 v1.6 Detect VTeX and its facilities (HO)
geometry.cfg
placeins.sty    2005/04/18  v 2.2
microtype.sty    2018/01/14 v2.7a Micro-typographical refinements (RS)
microtype-pdftex.def    2018/01/14 v2.7a Definitions specific to pdftex (RS)
microtype.cfg    2018/01/14 v2.7a microtype main configuration file (RS)
 lmodern.sty    2009/10/30 v1.6 Latin Modern Fonts
  xcolor.sty    2016/05/11 v2.12 LaTeX color extensions (UK)
   color.cfg    2016/01/02 v1.6 sample color configuration
   array.sty    2018/04/30 v2.4h Tabular extension package (FMi)
rotating.sty    2016/08/11 v2.16d rotated objects in LaTeX
  ifthen.sty    2014/09/29 v1.1c Standard LaTeX ifthen package (DPC)
booktabs.sty    2005/04/14 v1.61803 publication quality tables
tabularx.sty    2016/02/03 v2.11b `tabularx' package (DPC)
multirow.sty    2018/08/03 v2.3 Span multiple rows of a table
tablefootnote.sty    2014/01/26 v1.1c Table foot notes (HMM)
letltxmacro.sty    2016/05/16 v1.5 Let assignment for LaTeX macros (HO)
 xifthen.sty    2015/11/05 v1.4.0 Extended ifthen features
    calc.sty    2017/05/25 v4.3 Infix arithmetic (KKT,FJ)
 ifmtarg.sty    2018/04/16 v1.2b check for an empty argument
etoolbox.sty    2018/08/19 v2.5f e-TeX tools for LaTeX (JAW)
subcaption.sty    2018/05/01 v1.1-162 Sub-captions (AR)
 caption.sty    2018/05/01 v3.3-147 Customizing captions (AR)
caption3.sty    2018/05/27 v1.8a caption3 kernel (AR)
paralist.sty    2017/01/22 v2.7 Extended list environments
 acronym.sty    2015/03/21 v1.41 Support for acronyms (Tobias Oetiker)
  suffix.sty    2006/07/15 1.5a Variant command support
 xstring.sty    2013/10/13  v1.7c  String manipulations (C Tellechea)
fancybox.sty    2010/05/15 1.4
tcolorbox.sty    2018/07/26 version 4.14 text color boxes
     pgf.sty    2015/08/07 v3.0.1a (rcs-revision 1.15)
  pgfrcs.sty    2015/08/07 v3.0.1a (rcs-revision 1.31)
everyshi.sty    2001/05/15 v3.00 EveryShipout Package (MS)
  pgfrcs.code.tex
 pgfcore.sty    2010/04/11 v3.0.1a (rcs-revision 1.7)
  pgfsys.sty    2014/07/09 v3.0.1a (rcs-revision 1.48)
  pgfsys.code.tex
pgfsyssoftpath.code.tex    2013/09/09  (rcs-revision 1.9)
pgfsysprotocol.code.tex    2006/10/16  (rcs-revision 1.4)
 pgfcore.code.tex
pgfcomp-version-0-65.sty    2007/07/03 v3.0.1a (rcs-revision 1.7)
pgfcomp-version-1-18.sty    2007/07/23 v3.0.1a (rcs-revision 1.1)
 environ.sty    2014/05/04 v0.3 A new way to define environments
trimspaces.sty    2009/09/17 v1.1 Trim spaces around a token list
    tikz.sty    2015/08/07 v3.0.1a (rcs-revision 1.151)
  pgffor.sty    2013/12/13 v3.0.1a (rcs-revision 1.25)
 pgfkeys.sty    
 pgfkeys.code.tex
 pgfmath.sty    
 pgfmath.code.tex
  pgffor.code.tex
    tikz.code.tex
  xparse.sty    2018-05-12 L3 Experimental document command parser
   expl3.sty    2018-06-14 L3 programming layer (loader) 
expl3-code.tex    2018-06-14 L3 programming layer 
l3pdfmode.def    2018-06-14 v L3 Experimental driver: PDF mode
listingsutf8.sty    2016/05/16 v1.3 Allow UTF-8 in listings input (HO)
listings.sty    2015/06/04 1.6 (Carsten Heinz)
 lstmisc.sty    2015/06/04 1.6 (Carsten Heinz)
listings.cfg    2015/06/04 1.6 listings configuration
pdftexcmds.sty    2018/01/30 v0.27 Utility functions of pdfTeX for LuaTeX (HO)
stringenc.sty    2016/05/16 v1.11 Convert strings between diff. encodings (HO)
pdfescape.sty    2016/05/16 v1.14 Implements pdfTeX's escape features (HO)
 layouts.sty    2009/09/02 v2.6d graphical depiction of document elements
csquotes.sty    2018/04/13 v5.2d context-sensitive quotations (JAW)
csquotes.def    2018/04/13 v5.2d csquotes generic definitions (JAW)
csquotes.cfg    
hyperref.sty    2018/02/06 v6.86b Hypertext links for LaTeX
hobsub-hyperref.sty    2016/05/16 v1.14 Bundle oberdiek, subset hyperref (HO)
hobsub-generic.sty    2016/05/16 v1.14 Bundle oberdiek, subset generic (HO)
  hobsub.sty    2016/05/16 v1.14 Construct package bundles (HO)
 intcalc.sty    2016/05/16 v1.2 Expandable calculations with integers (HO)
kvdefinekeys.sty    2016/05/16 v1.4 Define keys (HO)
bigintcalc.sty    2016/05/16 v1.4 Expandable calculations on big integers (HO)
  bitset.sty    2016/05/16 v1.2 Handle bit-vector datatype (HO)
uniquecounter.sty    2016/05/16 v1.3 Provide unlimited unique counter (HO)
 hopatch.sty    2016/05/16 v1.3 Wrapper for package hooks (HO)
xcolor-patch.sty    2016/05/16 xcolor patch
atveryend.sty    2016/05/16 v1.9 Hooks at the very end of document (HO)
atbegshi.sty    2016/06/09 v1.18 At begin shipout hook (HO)
refcount.sty    2016/05/16 v3.5 Data extraction from label references (HO)
 hycolor.sty    2016/05/16 v1.8 Color options for hyperref/bookmark (HO)
 auxhook.sty    2016/05/16 v1.4 Hooks for auxiliary files (HO)
  pd1enc.def    2018/02/06 v6.86b Hyperref: PDFDocEncoding definition (HO)
hyperref.cfg    2002/06/06 v1.2 hyperref configuration of TeXLive
     url.sty    2013/09/16  ver 3.4  Verb mode for urls, etc.
 hpdftex.def    2018/02/06 v6.86b Hyperref driver for pdfTeX
rerunfilecheck.sty    2016/05/16 v1.8 Rerun checks for auxiliary files (HO)
biblatex.sty    2018/03/04 v3.11 programmable bibliographies (PK/MW)
  logreq.sty    2010/08/04 v1.0 xml request logger
  logreq.def    2010/08/04 v1.0 logreq spec v1.0
  blx-dm.def    2018/03/04 v3.11 biblatex localization (PK/MW)
blx-compat.def    2018/03/04 v3.11 biblatex compatibility (PK/MW)
biblatex.def    2018/03/04 v3.11 biblatex compatibility (PK/MW)
blx-natbib.def    2018/03/04 v3.11 biblatex compatibility (PK/MW)
standard.bbx    2018/03/04 v3.11 biblatex bibliography style (PK/MW)
 numeric.bbx    2018/03/04 v3.11 biblatex bibliography style (PK/MW)
authoryear.cbx    2018/03/04 v3.11 biblatex citation style (PK/MW)
biblatex.cfg    
_preamble/graphic_packages.tex
  forest.sty    2017/07/14 v2.1.5 Drawing (linguistic) trees
 pgfopts.sty    2014/07/10 v2.1a LaTeX package options with pgfkeys
elocalloc.sty    2016/12/15 v0.03 local allocation for LaTeX 2015+ (DPC)
inlinedef.sty    2008/07/10 v1.0 Inlined expansions within definitions
forest-lib-edges.sty    2016/12/05 v0.1.1
venndiagram.sty    2018/06/07 v1.2 (NLCT) Venn diagrams
 tikz-cd.sty    2014/10/30 v0.9e Commutative diagrams with tikz
pgfplots.sty    2018/03/28 v1.16 Data Visualization (1.16)
pgfplotstable.sty    2018/03/28 v1.16 Table typesetting and Pretty-printing (1.
16)
pgfcalendar.sty    
pgfcalendar.code.tex    2007/07/23 v3.0.1a (rcs-revision 1.11)
_preamble/tikz_library.tex
  ot1lmr.fd    2009/10/30 v1.6 Font defs for Latin Modern
  omllmm.fd    2009/10/30 v1.6 Font defs for Latin Modern
 omslmsy.fd    2009/10/30 v1.6 Font defs for Latin Modern
 omxlmex.fd    2009/10/30 v1.6 Font defs for Latin Modern
    umsa.fd    2013/01/14 v3.01 AMS symbols A
    umsb.fd    2013/01/14 v3.01 AMS symbols B
  t1lmtt.fd    2009/10/30 v1.6 Font defs for Latin Modern
  t1lmss.fd    2009/10/30 v1.6 Font defs for Latin Modern
   t1lmr.fd    2009/10/30 v1.6 Font defs for Latin Modern

==============================================================================
(mylatexformat)Info: start reading document "main"
(mylatexformat)      on input line 38. (\endofdump)
==============================================================================
(_preamble/tikz_styles.tex) (_preamble/pgfplot_styles.tex)
(_preamble/definitions_and_settings.tex
\freewidth=\skip145
\c@theorem=\count549
\c@definition=\count550
\c@lemma=\count551
)
Package csquotes Info: Checking for multilingual support...
Package csquotes Info: ... found 'babel' package.
Package csquotes Info: Adjusting default style.
Package csquotes Info: Redefining alias 'default' -> 'ngerman'.
Package biblatex Info: Trying to load language 'ngerman'...
Package biblatex Info: ... file 'ngerman.lbx' found.

("C:\Users\Sebastian\AppData\Local\Programs\MiKTeX 2.9\tex\latex\biblatex\lbx\n
german.lbx"
File: ngerman.lbx 2018/03/04 v3.11 biblatex localization (PK/MW)
Package biblatex Info: Trying to load language 'german'...
Package biblatex Info: ... file 'german.lbx' found.

("C:\Users\Sebastian\AppData\Local\Programs\MiKTeX 2.9\tex\latex\biblatex\lbx\g
erman.lbx"
File: german.lbx 2018/03/04 v3.11 biblatex localization (PK/MW)
)
Package biblatex Info: Trying to load language 'german'...
Package biblatex Info: ... file 'german.lbx' found.

("C:\Users\Sebastian\AppData\Local\Programs\MiKTeX 2.9\tex\latex\biblatex\lbx\g
erman.lbx"
File: german.lbx 2018/03/04 v3.11 biblatex localization (PK/MW)
)) (main.aux)
\openout1 = `main.aux'.

LaTeX Font Info:    Checking defaults for OML/cmm/m/it on input line 46.
LaTeX Font Info:    ... okay on input line 46.
LaTeX Font Info:    Checking defaults for T1/cmr/m/n on input line 46.
LaTeX Font Info:    ... okay on input line 46.
LaTeX Font Info:    Checking defaults for OT1/cmr/m/n on input line 46.
LaTeX Font Info:    ... okay on input line 46.
LaTeX Font Info:    Checking defaults for OMS/cmsy/m/n on input line 46.
LaTeX Font Info:    ... okay on input line 46.
LaTeX Font Info:    Checking defaults for OMX/cmex/m/n on input line 46.
LaTeX Font Info:    ... okay on input line 46.
LaTeX Font Info:    Checking defaults for U/cmr/m/n on input line 46.
LaTeX Font Info:    ... okay on input line 46.
LaTeX Font Info:    Checking defaults for PD1/pdf/m/n on input line 46.
LaTeX Font Info:    ... okay on input line 46.

("C:\Users\Sebastian\AppData\Local\Programs\MiKTeX 2.9\tex\context\base\supp-pd
f.mkii"
[Loading MPS to PDF converter (version 2006.09.02).]
\scratchcounter=\count552
\scratchdimen=\dimen341
\scratchbox=\box105
\nofMPsegments=\count553
\nofMParguments=\count554
\everyMPshowfont=\toks79
\MPscratchCnt=\count555
\MPscratchDim=\dimen342
\MPnumerator=\count556
\makeMPintoPDFobject=\count557
\everyMPtoPDFconversion=\toks80
)
("C:\Users\Sebastian\AppData\Local\Programs\MiKTeX 2.9\tex\latex\oberdiek\epsto
pdf-base.sty"
Package: epstopdf-base 2016/05/15 v2.6 Base part for package epstopdf

("C:\Users\Sebastian\AppData\Local\Programs\MiKTeX 2.9\tex\latex\oberdiek\grfex
t.sty"
Package: grfext 2016/05/16 v1.2 Manage graphics extensions (HO)
)
Package epstopdf-base Info: Redefining graphics rule for `.eps' on input line 4
38.
Package grfext Info: Graphics extension search list:
(grfext)             [.pdf,.png,.jpg,.mps,.jpeg,.jbig2,.jb2,.PDF,.PNG,.JPG,.JPE
G,.JBIG2,.JB2,.eps]
(grfext)             \AppendGraphicsExtensions on input line 456.
)
*geometry* driver: auto-detecting
*geometry* detected driver: pdftex
*geometry* verbose mode - [ preamble ] result:
* driver: pdftex
* paper: a4paper
* layout: <same size as paper>
* layoutoffset:(h,v)=(0.0pt,0.0pt)
* modes: includehead includefoot showframe 
* h-part:(L,W,R)=(85.35826pt, 455.24411pt, 56.9055pt)
* v-part:(T,H,B)=(56.9055pt, 731.23584pt, 56.9055pt)
* \paperwidth=597.50787pt
* \paperheight=845.04684pt
* \textwidth=455.24411pt
* \textheight=656.23584pt
* \oddsidemargin=13.08827pt
* \evensidemargin=13.08827pt
* \topmargin=-15.36449pt
* \headheight=15.0pt
* \headsep=18.0pt
* \topskip=10.0pt
* \footskip=42.0pt
* \marginparwidth=72.91019pt
* \marginparsep=12.8401pt
* \columnsep=10.0pt
* \skip\footins=9.0pt plus 4.0pt minus 2.0pt
* \hoffset=0.0pt
* \voffset=0.0pt
* \mag=1000
* \@twocolumnfalse
* \@twosidefalse
* \@mparswitchfalse
* \@reversemarginfalse
* (1in=72.27pt=25.4mm, 1cm=28.453pt)

LaTeX Info: Redefining \microtypecontext on input line 46.

Package microtype Warning: `draft' option active.
(microtype)                Disabling all micro-typographic extensions.
(microtype)                This might lead to different line and page breaks.

Package caption Info: Begin \AtBeginDocument code.
Package caption Info: hyperref package is loaded.
Package caption Info: listings package is loaded.
Package caption Info: End \AtBeginDocument code.
ABD: EveryShipout initializing macros
\c@lstlisting=\count558


Package layouts Warning: Layout scale set to 0.5 on input line 46.

\AtBeginShipoutBox=\box106

Package hyperref Warning: Height of page (\stockheight) is invalid (0.0pt),
(hyperref)                using 11in.


Package hyperref Warning: Draft mode on.

Package hyperref Info: Link coloring ON on input line 46.

("C:\Users\Sebastian\AppData\Local\Programs\MiKTeX 2.9\tex\latex\hyperref\namer
ef.sty"
Package: nameref 2016/05/21 v2.44 Cross-referencing by name of section

("C:\Users\Sebastian\AppData\Local\Programs\MiKTeX 2.9\tex\generic\oberdiek\get
titlestring.sty"
Package: gettitlestring 2016/05/16 v1.5 Cleanup title references (HO)
)
\c@section@level=\count559
)
LaTeX Info: Redefining \ref on input line 46.
LaTeX Info: Redefining \pageref on input line 46.
LaTeX Info: Redefining \nameref on input line 46.
Package biblatex Info: Input encoding 'utf8' detected.
Package biblatex Info: Automatic encoding selection.
(biblatex)             Assuming data encoding 'utf8'.
\openout8 = `main.bcf'.

Package biblatex Info: Trying to load bibliographic data...
Package biblatex Info: ... file 'main.bbl' not found.

No file main.bbl.
Package biblatex Info: Reference section=0 on input line 46.
Package biblatex Info: Reference segment=0 on input line 46.
Package pgfplots notification 'compat/show suggested version=true': document ha
s been generated with the most recent feature set (\pgfplotsset{compat=1.16}).

(_preamble/document_properties.tex

LaTeX Warning: No positions in optional float specifier.
               Default added (so using `tbp') on input line 8.

LaTeX Font Info:    External font `lmex10' loaded for size
(Font)              <8> on input line 12.
LaTeX Font Info:    External font `lmex10' loaded for size
(Font)              <6> on input line 12.

Overfull \hbox (1.0457pt too wide) in paragraph at lines 16--17
[]|\T1/lmr/m/n/8 20.99701cm|  |
 []


Overfull \hbox (1.0457pt too wide) in paragraph at lines 17--18
[]|\T1/lmr/m/n/8 29.69577cm|  |
 []


Overfull \hbox (1.0457pt too wide) in paragraph at lines 18--19
[]|\T1/lmr/m/n/8 15.99773cm|  |
 []


Overfull \hbox (1.0457pt too wide) in paragraph at lines 19--20
[]|\T1/lmr/m/n/8 23.06078cm|  |
 []


Overfull \hbox (10.49757pt too wide) in paragraph at lines 30--30
[]|\T1/lmr/m/n/8 green!35!black|  |
 []


Overfull \hbox (6.24057pt too wide) in paragraph at lines 33--33
[]|\T1/lmr/m/n/8 black!10!blue|  |
 []

) (_text/0_pre_mainmatter/01_title.tex
Package babel Info: Redefining ngerman shorthand "|
(babel)             in language  on input line 41.
Package babel Info: Redefining ngerman shorthand "~
(babel)             in language  on input line 41.
Package babel Info: Redefining ngerman shorthand "|
(babel)             in language  on input line 41.
Package babel Info: Redefining ngerman shorthand "~
(babel)             in language  on input line 41.
 [1{C:/Users/Sebastian/AppData/Local/MiKTeX/2.9/pdftex/config/pdftex.map}

]
<_img/_pdf/Logo_Uni_Paderborn.pdf, id=53, 415.84685pt x 109.2188pt>
Package babel Info: Redefining ngerman shorthand "|
(babel)             in language  on input line 64.
Package babel Info: Redefining ngerman shorthand "~
(babel)             in language  on input line 64.
Package babel Info: Redefining ngerman shorthand "|
(babel)             in language  on input line 64.
Package babel Info: Redefining ngerman shorthand "~
(babel)             in language  on input line 64.
 [2


])
(_text/0_pre_mainmatter/02_erklaerung.tex
Underfull \hbox (badness 10000) in paragraph at lines 1--6

 []


Underfull \hbox (badness 10000) in paragraph at lines 1--6

 []

)
Package babel Info: Redefining ngerman shorthand "|
(babel)             in language  on input line 56.
Package babel Info: Redefining ngerman shorthand "~
(babel)             in language  on input line 56.
Package babel Info: Redefining ngerman shorthand "|
(babel)             in language  on input line 56.
Package babel Info: Redefining ngerman shorthand "~
(babel)             in language  on input line 56.
 [3


] (_text/0_pre_mainmatter/03_abstract.tex
Underfull \hbox (badness 10000) in paragraph at lines 2--4

 []


Underfull \hbox (badness 10000) in paragraph at lines 6--10

 []


Underfull \hbox (badness 10000) in paragraph at lines 6--10

 []


Underfull \hbox (badness 10000) in paragraph at lines 6--10

 []


Underfull \hbox (badness 10000) in paragraph at lines 6--10

 []

)
Package babel Info: Redefining ngerman shorthand "|
(babel)             in language  on input line 57.
Package babel Info: Redefining ngerman shorthand "~
(babel)             in language  on input line 57.
Package babel Info: Redefining ngerman shorthand "|
(babel)             in language  on input line 57.
Package babel Info: Redefining ngerman shorthand "~
(babel)             in language  on input line 57.
 [4


] (_text/0_pre_mainmatter/04_vorwort.tex
Package babel Info: Redefining ngerman shorthand "|
(babel)             in language  on input line 12.
Package babel Info: Redefining ngerman shorthand "~
(babel)             in language  on input line 12.
Package babel Info: Redefining ngerman shorthand "|
(babel)             in language  on input line 12.
Package babel Info: Redefining ngerman shorthand "~
(babel)             in language  on input line 12.
 [5



])
Package tocbasic Info: character protrusion at toc deactivated on input line 61
.
 (main.toc)
\tf@toc=\write10
\openout10 = `main.toc'.

Package babel Info: Redefining ngerman shorthand "|
(babel)             in language  on input line 61.
Package babel Info: Redefining ngerman shorthand "~
(babel)             in language  on input line 61.
Package babel Info: Redefining ngerman shorthand "|
(babel)             in language  on input line 61.
Package babel Info: Redefining ngerman shorthand "~
(babel)             in language  on input line 61.
 [1






]
Package tocbasic Info: character protrusion at lof deactivated on input line 63
.
 (main.lof)
\tf@lof=\write11
\openout11 = `main.lof'.

Package babel Info: Redefining ngerman shorthand "|
(babel)             in language  on input line 63.
Package babel Info: Redefining ngerman shorthand "~
(babel)             in language  on input line 63.
Package babel Info: Redefining ngerman shorthand "|
(babel)             in language  on input line 63.
Package babel Info: Redefining ngerman shorthand "~
(babel)             in language  on input line 63.

[2




]
Package tocbasic Info: character protrusion at lot deactivated on input line 65
.
 (main.lot)
\tf@lot=\write12
\openout12 = `main.lot'.

Package babel Info: Redefining ngerman shorthand "|
(babel)             in language  on input line 65.
Package babel Info: Redefining ngerman shorthand "~
(babel)             in language  on input line 65.
Package babel Info: Redefining ngerman shorthand "|
(babel)             in language  on input line 65.
Package babel Info: Redefining ngerman shorthand "~
(babel)             in language  on input line 65.
 [3




] (_text/0_pre_mainmatter/05_abkuerzung.tex
chapter without number

Class scrbook Warning: \float@addtolists detected!
(scrbook)              Implementation of \float@addtolist became
(scrbook)              deprecated in KOMA-Script v3.01 2008/11/14 and
(scrbook)              has been replaced by several more flexible
(scrbook)              features of package `tocbasic`.
(scrbook)              Since Version 3.12 support for deprecated
(scrbook)              \float@addtolist interface has been
(scrbook)              restricted to only some of the KOMA-Script
(scrbook)              features and been removed from others.
(scrbook)              Loading of package `scrhack' may help to
(scrbook)              avoid this warning, if you are using a
(scrbook)              a package that still implements the
(scrbook)              deprecated \float@addtolist interface .

)
Package babel Info: Redefining ngerman shorthand "|
(babel)             in language  on input line 68.
Package babel Info: Redefining ngerman shorthand "~
(babel)             in language  on input line 68.
Package babel Info: Redefining ngerman shorthand "|
(babel)             in language  on input line 68.
Package babel Info: Redefining ngerman shorthand "~
(babel)             in language  on input line 68.
 [4




] (_text/1_mainmatter/010_einleitung.tex
chapter 1.
LaTeX Font Info:    Font shape `T1/lmss/m/it' in size <9> not available
(Font)              Font shape `T1/lmss/m/sl' tried instead on input line 4.
LaTeX Font Info:    External font `lmex10' loaded for size
(Font)              <9> on input line 4.
LaTeX Font Info:    Font shape `T1/lmss/m/it' in size <6> not available
(Font)              Font shape `T1/lmss/m/sl' tried instead on input line 4.
Package babel Info: Redefining ngerman shorthand "|
(babel)             in language  on input line 20.
Package babel Info: Redefining ngerman shorthand "~
(babel)             in language  on input line 20.
Package babel Info: Redefining ngerman shorthand "|
(babel)             in language  on input line 20.
Package babel Info: Redefining ngerman shorthand "~
(babel)             in language  on input line 20.
[1





]
Package babel Info: Redefining ngerman shorthand "|
(babel)             in language  on input line 20.
Package babel Info: Redefining ngerman shorthand "~
(babel)             in language  on input line 20.
Package babel Info: Redefining ngerman shorthand "|
(babel)             in language  on input line 20.
Package babel Info: Redefining ngerman shorthand "~
(babel)             in language  on input line 20.
 [2] (_img/_tikz/04_ankerpunkte_arbeit.tex
(_preamble/class_declaration_sa.tex)
(_img/_tikz/_tikz_files/file_ankerpunkte_arbeit.tex
Missing character: There is no ] in font nullfont!
))

LaTeX Warning: `h' float specifier changed to `ht'.

Package babel Info: Redefining ngerman shorthand "|
(babel)             in language  on input line 41.
Package babel Info: Redefining ngerman shorthand "~
(babel)             in language  on input line 41.
Package babel Info: Redefining ngerman shorthand "|
(babel)             in language  on input line 41.
Package babel Info: Redefining ngerman shorthand "~
(babel)             in language  on input line 41.
[3]

LaTeX Warning: Reference `fig:paper_year' on page 4 undefined on input line 52.


LaTeX Font Info:    Try loading font information for OMS+lmr on input line 54.
("C:\Users\Sebastian\AppData\Local\Programs\MiKTeX 2.9\tex\latex\lm\omslmr.fd"
File: omslmr.fd 2009/10/30 v1.6 Font defs for Latin Modern
)
LaTeX Font Info:    Font shape `OMS/lmr/m/n' in size <10> not available
(Font)              Font shape `OMS/lmsy/m/n' tried instead on input line 54.
Package babel Info: Redefining ngerman shorthand "|
(babel)             in language  on input line 56.
Package babel Info: Redefining ngerman shorthand "~
(babel)             in language  on input line 56.
Package babel Info: Redefining ngerman shorthand "|
(babel)             in language  on input line 56.
Package babel Info: Redefining ngerman shorthand "~
(babel)             in language  on input line 56.
[4]

LaTeX Warning: No positions in optional float specifier.
               Default added (so using `tbp') on input line 74.


Overfull \vbox (40.02702pt too high) detected at line 90
 []


Overfull \vbox (40.02702pt too high) detected at line 90
 []

) (_text/1_mainmatter/020_meta_grundlagen.tex
Package babel Info: Redefining ngerman shorthand "|
(babel)             in language  on input line 1.
Package babel Info: Redefining ngerman shorthand "~
(babel)             in language  on input line 1.
Package babel Info: Redefining ngerman shorthand "|
(babel)             in language  on input line 1.
Package babel Info: Redefining ngerman shorthand "~
(babel)             in language  on input line 1.
 [5]
Package babel Info: Redefining ngerman shorthand "|
(babel)             in language  on input line 1.
Package babel Info: Redefining ngerman shorthand "~
(babel)             in language  on input line 1.
Package babel Info: Redefining ngerman shorthand "|
(babel)             in language  on input line 1.
Package babel Info: Redefining ngerman shorthand "~
(babel)             in language  on input line 1.
 [6]
chapter 2.
) (_text/1_mainmatter/021_grundlagen_exp.tex
Package hyperref Info: bookmark level for unknown tcolorbox defaults to 0 on in
put line 1.
 (_img/_forest/block_experiment.tex (_preamble/class_declaration_sa.tex)) (_img
/_forest/block_experiment.tex
(_preamble/class_declaration_sa.tex)) (_img/_forest/block_experiment.tex
(_preamble/class_declaration_sa.tex))

LaTeX Warning: Float too large for page by 0.00792pt on input line 41.

<_img/_forest/block_experiment.pdf, id=111, 1122.06506pt x 208.92354pt>
) (_text/1_mainmatter/021_grundlagen_gm.tex
Package babel Info: Redefining ngerman shorthand "|
(babel)             in language  on input line 1.
Package babel Info: Redefining ngerman shorthand "~
(babel)             in language  on input line 1.
Package babel Info: Redefining ngerman shorthand "|
(babel)             in language  on input line 1.
Package babel Info: Redefining ngerman shorthand "~
(babel)             in language  on input line 1.
 [7


]
Package babel Info: Redefining ngerman shorthand "|
(babel)             in language  on input line 1.
Package babel Info: Redefining ngerman shorthand "~
(babel)             in language  on input line 1.
Package babel Info: Redefining ngerman shorthand "|
(babel)             in language  on input line 1.
Package babel Info: Redefining ngerman shorthand "~
(babel)             in language  on input line 1.
 [8]
Package babel Info: Redefining ngerman shorthand "|
(babel)             in language  on input line 1.
Package babel Info: Redefining ngerman shorthand "~
(babel)             in language  on input line 1.
Package babel Info: Redefining ngerman shorthand "|
(babel)             in language  on input line 1.
Package babel Info: Redefining ngerman shorthand "~
(babel)             in language  on input line 1.
 [9]
Package babel Info: Redefining ngerman shorthand "|
(babel)             in language  on input line 1.
Package babel Info: Redefining ngerman shorthand "~
(babel)             in language  on input line 1.
Package babel Info: Redefining ngerman shorthand "|
(babel)             in language  on input line 1.
Package babel Info: Redefining ngerman shorthand "~
(babel)             in language  on input line 1.
 [10])
(_text/1_mainmatter/021_grundlagen_krea.tex
Package babel Info: Redefining ngerman shorthand "|
(babel)             in language  on input line 35.
Package babel Info: Redefining ngerman shorthand "~
(babel)             in language  on input line 35.
Package babel Info: Redefining ngerman shorthand "|
(babel)             in language  on input line 35.
Package babel Info: Redefining ngerman shorthand "~
(babel)             in language  on input line 35.
 [11

])
(_text/1_mainmatter/021_grundlagen_rev.tex)
(_text/1_mainmatter/021_grundlagen_wi.tex
Package babel Info: Redefining ngerman shorthand "|
(babel)             in language  on input line 7.
Package babel Info: Redefining ngerman shorthand "~
(babel)             in language  on input line 7.
Package babel Info: Redefining ngerman shorthand "|
(babel)             in language  on input line 7.
Package babel Info: Redefining ngerman shorthand "~
(babel)             in language  on input line 7.
 [12]
Package babel Info: Redefining ngerman shorthand "|
(babel)             in language  on input line 41.
Package babel Info: Redefining ngerman shorthand "~
(babel)             in language  on input line 41.
Package babel Info: Redefining ngerman shorthand "|
(babel)             in language  on input line 41.
Package babel Info: Redefining ngerman shorthand "~
(babel)             in language  on input line 41.
 [13]
(_img/_pgfplot/gm_statistik.tex (_preamble/class_declaration_sa.tex)
(_img/_pgfplot/_qtikz_gm_statistik.pgf
PGFPlots: reading {_img/_pgfplot/data/plot_gm_gmi.dat}
\julianday=\count560
Package pgfplots info on input line 82: Using 'lua backend=false' for axis: x c
oord trafo unsupported.
PGFPlots: reading {_img/_pgfplot/data/plot_gm_gmi.dat}
PGFPlots: reading {_img/_pgfplot/data/plot_gm_gmi.dat}
Missing character: There is no ; in font nullfont!
Missing character: There is no ; in font nullfont!
Missing character: There is no ; in font nullfont!
Missing character: There is no ; in font nullfont!
))

LaTeX Warning: `h' float specifier changed to `ht'.

) (_text/1_mainmatter/030_meta_rq1.tex)
(_text/1_mainmatter/031_literaturreview_identifikation.tex)
(_text/1_mainmatter/032_literaturreview_analyse.tex)
(_text/1_mainmatter/040_meta_rq2.tex)
(_text/1_mainmatter/041_ergebnisse_implikationen.tex)
Package babel Info: Redefining ngerman shorthand "|
(babel)             in language  on input line 97.
Package babel Info: Redefining ngerman shorthand "~
(babel)             in language  on input line 97.
Package babel Info: Redefining ngerman shorthand "|
(babel)             in language  on input line 97.
Package babel Info: Redefining ngerman shorthand "~
(babel)             in language  on input line 97.
 [14]
Package atveryend Info: Empty hook `BeforeClearDocument' on input line 97.
Package babel Info: Redefining ngerman shorthand "|
(babel)             in language  on input line 97.
Package babel Info: Redefining ngerman shorthand "~
(babel)             in language  on input line 97.
Package babel Info: Redefining ngerman shorthand "|
(babel)             in language  on input line 97.
Package babel Info: Redefining ngerman shorthand "~
(babel)             in language  on input line 97.
 [15]
Package atveryend Info: Empty hook `AfterLastShipout' on input line 97.
 (main.aux)
Package atveryend Info: Executing hook `AtVeryEndDocument' on input line 97.
Package atveryend Info: Empty hook `AtEndAfterFileList' on input line 97.


LaTeX Warning: There were undefined references.

Package logreq Info: Writing requests to 'main.run.xml'.
\openout1 = `main.run.xml'.

 ) 
Here is how much of TeX's memory you used:
 8658 strings out of 423111
 164317 string characters out of 1415935
 2653253 words of memory out of 3000000
 81222 multiletter control sequences out of 15000+200000
 647591 words of font info for 85 fonts, out of 3000000 for 9000
 1143 hyphenation exceptions out of 8191
 205i,22n,229p,3123b,5713s stack positions out of 5000i,500n,10000p,200000b,50000s
{C:/Users/Sebastian/AppData/Local/Programs/MiKTeX 2.9/fonts/enc/dvips/lm/lm-e
c.enc}{C:/Users/Sebastian/AppData/Local/Programs/MiKTeX 2.9/fonts/enc/dvips/lm/
lm-mathit.enc}{C:/Users/Sebastian/AppData/Local/Programs/MiKTeX 2.9/fonts/enc/d
vips/lm/lm-rm.enc}{C:/Users/Sebastian/AppData/Local/Programs/MiKTeX 2.9/fonts/e
nc/dvips/lm/lm-mathsy.enc}<C:/Users/Sebastian/AppData/Local/Programs/MiKTeX 2.9
/fonts/type1/public/lm/lmbx10.pfb><C:/Users/Sebastian/AppData/Local/Programs/Mi
KTeX 2.9/fonts/type1/public/lm/lmbx12.pfb><C:/Users/Sebastian/AppData/Local/Pro
grams/MiKTeX 2.9/fonts/type1/public/lm/lmcsc10.pfb><C:/Users/Sebastian/AppData/
Local/Programs/MiKTeX 2.9/fonts/type1/public/lm/lmmi5.pfb><C:/Users/Sebastian/A
ppData/Local/Programs/MiKTeX 2.9/fonts/type1/public/lm/lmr10.pfb><C:/Users/Seba
stian/AppData/Local/Programs/MiKTeX 2.9/fonts/type1/public/lm/lmr5.pfb><C:/User
s/Sebastian/AppData/Local/Programs/MiKTeX 2.9/fonts/type1/public/lm/lmr6.pfb><C
:/Users/Sebastian/AppData/Local/Programs/MiKTeX 2.9/fonts/type1/public/lm/lmr7.
pfb><C:/Users/Sebastian/AppData/Local/Programs/MiKTeX 2.9/fonts/type1/public/lm
/lmr8.pfb><C:/Users/Sebastian/AppData/Local/Programs/MiKTeX 2.9/fonts/type1/pub
lic/lm/lmr9.pfb><C:/Users/Sebastian/AppData/Local/Programs/MiKTeX 2.9/fonts/typ
e1/public/lm/lmro10.pfb><C:/Users/Sebastian/AppData/Local/Programs/MiKTeX 2.9/f
onts/type1/public/lm/lmss9.pfb><C:/Users/Sebastian/AppData/Local/Programs/MiKTe
X 2.9/fonts/type1/public/lm/lmssbx10.pfb><C:/Users/Sebastian/AppData/Local/Prog
rams/MiKTeX 2.9/fonts/type1/public/lm/lmsso8.pfb><C:/Users/Sebastian/AppData/Lo
cal/Programs/MiKTeX 2.9/fonts/type1/public/lm/lmsso9.pfb><C:/Users/Sebastian/Ap
pData/Local/Programs/MiKTeX 2.9/fonts/type1/public/lm/lmsy10.pfb><C:/Users/Seba
stian/AppData/Local/Programs/MiKTeX 2.9/fonts/type1/public/lm/lmtt10.pfb>
Output written on main.pdf (24 pages, 623703 bytes).
PDF statistics:
 202 PDF objects out of 1000 (max. 8388607)
 0 named destinations out of 1000 (max. 500000)
 207 words of extra memory for PDF output out of 10000 (max. 10000000)

