This is pdfTeX, Version 3.14159265-2.6-1.40.19 (MiKTeX 2.9.6745 64-bit) (preloaded format=pdflatex 2018.8.25)  26 AUG 2018 21:48
entering extended mode
**&pdflatex mylatexformat.ltx main.tex

("C:\Users\Sebastian\AppData\Local\Programs\MiKTeX 2.9\tex\latex\mylatexformat\
mylatexformat.ltx"
LaTeX2e <2018-04-01> patch level 5
) (main.tex
("C:\Users\Sebastian\AppData\Local\Programs\MiKTeX 2.9\tex\latex\koma-script\sc
rbook.cls"
Document Class: scrbook 2018/03/30 v3.25 KOMA-Script document class (book)

("C:\Users\Sebastian\AppData\Local\Programs\MiKTeX 2.9\tex\latex\koma-script\sc
rkbase.sty"
Package: scrkbase 2018/03/30 v3.25 KOMA-Script package (KOMA-Script-dependent b
asics and keyval usage)

("C:\Users\Sebastian\AppData\Local\Programs\MiKTeX 2.9\tex\latex\koma-script\sc
rbase.sty"
Package: scrbase 2018/03/30 v3.25 KOMA-Script package (KOMA-Script-independent 
basics and keyval usage)

("C:\Users\Sebastian\AppData\Local\Programs\MiKTeX 2.9\tex\latex\graphics\keyva
l.sty"
Package: keyval 2014/10/28 v1.15 key=value parser (DPC)
\KV@toks@=\toks14
)
("C:\Users\Sebastian\AppData\Local\Programs\MiKTeX 2.9\tex\latex\koma-script\sc
rlfile.sty"
Package: scrlfile 2018/03/30 v3.25 KOMA-Script package (loading files)
)))
("C:\Users\Sebastian\AppData\Local\Programs\MiKTeX 2.9\tex\latex\koma-script\to
cbasic.sty"
Package: tocbasic 2018/03/30 v3.25 KOMA-Script package (handling toc-files)
\scr@dte@tocline@numberwidth=\skip41
\scr@dte@tocline@numbox=\box26
)
Package tocbasic Info: omitting babel extension for `toc'
(tocbasic)             because of feature `nobabel' available
(tocbasic)             for `toc' on input line 136.
Package tocbasic Info: defining new hook before heading of `' on input line 166
3.
Package scrbook Info: You've used standard option `10pt'.
(scrbook)             This is correct!
(scrbook)             Internally I'm using `fontsize=10pt'.
(scrbook)             If you'd like to set the option with \KOMAoptions,
(scrbook)             you'd have to use `fontsize=10pt' there
(scrbook)             instead of `10pt', too.
Class scrbook Info: You've used standard option `oneside'.
(scrbook)           This is correct!
(scrbook)           Internally I'm using `twoside=false'.
(scrbook)           If you'd like to set the option with \KOMAoptions,
(scrbook)           you'd have to use `twoside=false' there
(scrbook)           instead of `oneside', too.
Class scrbook Info: You've used standard option `openright'.
(scrbook)           This is correct!
(scrbook)           Internally I'm using `open=right'.
(scrbook)           If you'd like to set the option with \KOMAoptions,
(scrbook)           you'd have to use `open=right' there
(scrbook)           instead of `openright', too.

("C:\Users\Sebastian\AppData\Local\Programs\MiKTeX 2.9\tex\latex\base\fleqn.clo
"
File: fleqn.clo 2016/12/29 v1.2a Standard LaTeX option (flush left equations)
\mathindent=\dimen102
Applying: [2015/01/01] Make \[ robust on input line 50.
LaTeX Info: Redefining \[ on input line 51.
Already applied: [0000/00/00] Make \[ robust on input line 62.
Applying: [2015/01/01] Make \] robust on input line 74.
LaTeX Info: Redefining \] on input line 75.
Already applied: [0000/00/00] Make \] robust on input line 83.
)
Class scrbook Info: File `scrsize10pt.clo' used to setup font sizes on input li
ne 2331.

("C:\Users\Sebastian\AppData\Local\Programs\MiKTeX 2.9\tex\latex\koma-script\sc
rsize10pt.clo"
File: scrsize10pt.clo 2018/03/30 v3.25 KOMA-Script font size class option (10pt
)
)
("C:\Users\Sebastian\AppData\Local\Programs\MiKTeX 2.9\tex\latex\koma-script\ty
pearea.sty"
Package: typearea 2018/03/30 v3.25 KOMA-Script package (type area)
\ta@bcor=\skip42
\ta@div=\count80
Package typearea Info: You've used standard option `a4paper'.
(typearea)             This is correct!
(typearea)             Internally I'm using `paper=a4'.
(typearea)             If you'd like to set the option with \KOMAoptions,
(typearea)             you'd have to use `paper=a4' there
(typearea)             instead of `a4paper', too.
Package typearea Info: You've used standard option `oneside'.
(typearea)             This is correct!
(typearea)             Internally I'm using `twoside=false'.
(typearea)             If you'd like to set the option with \KOMAoptions,
(typearea)             you'd have to use `twoside=false' there
(typearea)             instead of `oneside', too.
\ta@hblk=\skip43
\ta@vblk=\skip44
\ta@temp=\skip45
\footheight=\skip46
Package typearea Info: These are the values describing the layout:
(typearea)             DIV  = 8
(typearea)             BCOR = 14.22636pt
(typearea)             \paperwidth      = 597.50793pt
(typearea)              \textwidth      = 364.55101pt
(typearea)              DIV departure   = -1%
(typearea)              \evensidemargin = 51.32166pt
(typearea)              \oddsidemargin  = 51.32166pt
(typearea)             \paperheight     = 845.04694pt
(typearea)              \textheight     = 502.0pt
(typearea)              \topmargin      = 33.36087pt
(typearea)              \headheight     = 15.0pt
(typearea)              \headsep        = 18.0pt
(typearea)              \topskip        = 10.0pt
(typearea)              \footskip       = 42.0pt
(typearea)              \baselineskip   = 12.0pt
(typearea)              on input line 1706.
)
\c@part=\count81
\c@chapter=\count82
\c@section=\count83
\c@subsection=\count84
\c@subsubsection=\count85
\c@paragraph=\count86
\c@subparagraph=\count87
\scr@dte@part@maxnumwidth=\skip47
\scr@dte@chapter@maxnumwidth=\skip48
\scr@dte@section@maxnumwidth=\skip49
\scr@dte@subsection@maxnumwidth=\skip50
\scr@dte@subsubsection@maxnumwidth=\skip51
\scr@dte@paragraph@maxnumwidth=\skip52
\scr@dte@subparagraph@maxnumwidth=\skip53
\abovecaptionskip=\skip54
\belowcaptionskip=\skip55
\c@pti@nb@sid@b@x=\box27
\scr@dte@figure@maxnumwidth=\skip56
Package tocbasic Info: omitting babel extension for `lof'
(tocbasic)             because of feature `nobabel' available
(tocbasic)             for `lof' on input line 6251.
\c@figure=\count88
\scr@dte@table@maxnumwidth=\skip57
Package tocbasic Info: omitting babel extension for `lot'
(tocbasic)             because of feature `nobabel' available
(tocbasic)             for `lot' on input line 6272.
\c@table=\count89
Class scrbook Info: Redefining `\numberline' on input line 6445.
\bibindent=\dimen103
) (_preamble/main_packages.tex
("C:\Users\Sebastian\AppData\Local\Programs\MiKTeX 2.9\tex\latex\base\inputenc.
sty"
Package: inputenc 2018/04/06 v1.3b Input encoding file
\inpenc@prehook=\toks15
\inpenc@posthook=\toks16
)
("C:\Users\Sebastian\AppData\Local\Programs\MiKTeX 2.9\tex\generic\babel\babel.
sty"
Package: babel 2018/06/05 3.22 The Babel package

("C:\Users\Sebastian\AppData\Local\Programs\MiKTeX 2.9\tex\generic\babel\switch
.def"
File: switch.def 2018/06/05 3.22 Babel switching mechanism
)
*************************************
* Local config file bblopts.cfg used
*

("C:\Users\Sebastian\AppData\Local\Programs\MiKTeX 2.9\tex\latex\arabi\bblopts.
cfg"
File: bblopts.cfg 2005/09/08 v0.1 add Arabic and Farsi to "declared" options of
 babel
)
("C:\Users\Sebastian\AppData\Local\Programs\MiKTeX 2.9\tex\latex\babel-german\n
german.ldf"
Language: ngerman 2018/03/29 v2.10 German support for babel (post-1996 orthogra
phy)

("C:\Users\Sebastian\AppData\Local\Programs\MiKTeX 2.9\tex\latex\babel-german\n
germanb.ldf"
Language: ngermanb 2018/03/29 v2.10 German support for babel (post-1996 orthogr
aphy)

("C:\Users\Sebastian\AppData\Local\Programs\MiKTeX 2.9\tex\generic\babel\babel.
def"
File: babel.def 2018/06/05 3.22 Babel common definitions
\babel@savecnt=\count90
\U@D=\dimen104

("C:\Users\Sebastian\AppData\Local\Programs\MiKTeX 2.9\tex\generic\babel\txtbab
el.def")
\bbl@dirlevel=\count91
)
Package babel Info: Making " an active character on input line 121.
)))
("C:\Users\Sebastian\AppData\Local\Programs\MiKTeX 2.9\tex\latex\base\fontenc.s
ty"
Package: fontenc 2017/04/05 v2.0i Standard LaTeX package

("C:\Users\Sebastian\AppData\Local\Programs\MiKTeX 2.9\tex\latex\base\t1enc.def
"
File: t1enc.def 2017/04/05 v2.0i Standard LaTeX file
LaTeX Font Info:    Redeclaring font encoding T1 on input line 48.
))
("C:\Users\Sebastian\AppData\Local\Programs\MiKTeX 2.9\tex\latex\amsmath\amsmat
h.sty"
Package: amsmath 2017/09/02 v2.17a AMS math features
\@mathmargin=\skip58

For additional information on amsmath, use the `?' option.

("C:\Users\Sebastian\AppData\Local\Programs\MiKTeX 2.9\tex\latex\amsmath\amstex
t.sty"
Package: amstext 2000/06/29 v2.01 AMS text

("C:\Users\Sebastian\AppData\Local\Programs\MiKTeX 2.9\tex\latex\amsmath\amsgen
.sty"
File: amsgen.sty 1999/11/30 v2.0 generic functions
\@emptytoks=\toks17
\ex@=\dimen105
))
("C:\Users\Sebastian\AppData\Local\Programs\MiKTeX 2.9\tex\latex\amsmath\amsbsy
.sty"
Package: amsbsy 1999/11/29 v1.2d Bold Symbols
\pmbraise@=\dimen106
)
("C:\Users\Sebastian\AppData\Local\Programs\MiKTeX 2.9\tex\latex\amsmath\amsopn
.sty"
Package: amsopn 2016/03/08 v2.02 operator names
)
\inf@bad=\count92
LaTeX Info: Redefining \frac on input line 213.
\uproot@=\count93
\leftroot@=\count94
LaTeX Info: Redefining \overline on input line 375.
\classnum@=\count95
\DOTSCASE@=\count96
LaTeX Info: Redefining \ldots on input line 472.
LaTeX Info: Redefining \dots on input line 475.
LaTeX Info: Redefining \cdots on input line 596.
\Mathstrutbox@=\box28
\strutbox@=\box29
\big@size=\dimen107
LaTeX Font Info:    Redeclaring font encoding OML on input line 712.
LaTeX Font Info:    Redeclaring font encoding OMS on input line 713.
\macc@depth=\count97
\c@MaxMatrixCols=\count98
\dotsspace@=\muskip10
\c@parentequation=\count99
\dspbrk@lvl=\count100
\tag@help=\toks18
\row@=\count101
\column@=\count102
\maxfields@=\count103
\andhelp@=\toks19
\eqnshift@=\dimen108
\alignsep@=\dimen109
\tagshift@=\dimen110
\tagwidth@=\dimen111
\totwidth@=\dimen112
\lineht@=\dimen113
\@envbody=\toks20
\multlinegap=\skip59
\multlinetaggap=\skip60
\mathdisplay@stack=\toks21
LaTeX Info: Redefining \[ on input line 2817.
LaTeX Info: Redefining \] on input line 2818.
)
("C:\Users\Sebastian\AppData\Local\Programs\MiKTeX 2.9\tex\latex\amsfonts\amsfo
nts.sty"
Package: amsfonts 2013/01/14 v3.01 Basic AMSFonts support
\symAMSa=\mathgroup4
\symAMSb=\mathgroup5
LaTeX Font Info:    Overwriting math alphabet `\mathfrak' in version `bold'
(Font)                  U/euf/m/n --> U/euf/b/n on input line 106.
)
("C:\Users\Sebastian\AppData\Local\Programs\MiKTeX 2.9\tex\latex\amsfonts\amssy
mb.sty"
Package: amssymb 2013/01/14 v3.01 AMS font symbols
)
("C:\Users\Sebastian\AppData\Local\Programs\MiKTeX 2.9\tex\latex\amscls\amsthm.
sty"
Package: amsthm 2017/10/31 v2.20.4
\thm@style=\toks22
\thm@bodyfont=\toks23
\thm@headfont=\toks24
\thm@notefont=\toks25
\thm@headpunct=\toks26
\thm@preskip=\skip61
\thm@postskip=\skip62
\thm@headsep=\skip63
\dth@everypar=\toks27
)
("C:\Users\Sebastian\AppData\Local\Programs\MiKTeX 2.9\tex\latex\base\exscale.s
ty"
Package: exscale 2014/09/29 v2.1h Standard LaTeX package exscale
LaTeX Font Info:    Redeclaring symbol font `largesymbols' on input line 57.
LaTeX Font Info:    Overwriting symbol font `largesymbols' in version `normal'
(Font)                  OMX/cmex/m/n --> OMX/cmex/m/n on input line 57.
LaTeX Font Info:    Overwriting symbol font `largesymbols' in version `bold'
(Font)                  OMX/cmex/m/n --> OMX/cmex/m/n on input line 57.
\big@size=\dimen114
)
("C:\Users\Sebastian\AppData\Local\Programs\MiKTeX 2.9\tex\latex\tools\verbatim
.sty"
Package: verbatim 2014/10/28 v1.5q LaTeX2e package for verbatim enhancements
\every@verbatim=\toks28
\verbatim@line=\toks29
\verbatim@in@stream=\read1
)
("C:\Users\Sebastian\AppData\Local\Programs\MiKTeX 2.9\tex\latex\float\float.st
y"
Package: float 2001/11/08 v1.3d Float enhancements (AL)
\c@float@type=\count104
\float@exts=\toks30
\float@box=\box30
\@float@everytoks=\toks31
\@floatcapt=\box31
)
("C:\Users\Sebastian\AppData\Local\Programs\MiKTeX 2.9\tex\latex\standalone\sta
ndalone.sty"
Package: standalone 2018/03/26 v1.3a Package to include TeX sub-files with prea
mbles

("C:\Users\Sebastian\AppData\Local\Programs\MiKTeX 2.9\tex\latex\tools\shellesc
.sty"
Package: shellesc 2016/06/07 v0.02a unified shell escape interface for LaTeX
Package shellesc Info: Restricted shell escape enabled on input line 69.
)
("C:\Users\Sebastian\AppData\Local\Programs\MiKTeX 2.9\tex\generic\oberdiek\ifl
uatex.sty"
Package: ifluatex 2016/05/16 v1.4 Provides the ifluatex switch (HO)
Package ifluatex Info: LuaTeX not detected.
)
("C:\Users\Sebastian\AppData\Local\Programs\MiKTeX 2.9\tex\generic\oberdiek\ifp
df.sty"
Package: ifpdf 2017/03/15 v3.2 Provides the ifpdf switch
)
("C:\Users\Sebastian\AppData\Local\Programs\MiKTeX 2.9\tex\generic\ifxetex\ifxe
tex.sty"
Package: ifxetex 2010/09/12 v0.6 Provides ifxetex conditional
)
("C:\Users\Sebastian\AppData\Local\Programs\MiKTeX 2.9\tex\latex\xkeyval\xkeyva
l.sty"
Package: xkeyval 2014/12/03 v2.7a package option processing (HA)

("C:\Users\Sebastian\AppData\Local\Programs\MiKTeX 2.9\tex\generic\xkeyval\xkey
val.tex"
("C:\Users\Sebastian\AppData\Local\Programs\MiKTeX 2.9\tex\generic\xkeyval\xkvu
tils.tex"
\XKV@toks=\toks32
\XKV@tempa@toks=\toks33
)
\XKV@depth=\count105
File: xkeyval.tex 2014/12/03 v2.7a key=value parser (HA)
))
("C:\Users\Sebastian\AppData\Local\Programs\MiKTeX 2.9\tex\latex\currfile\currf
ile.sty"
Package: currfile 2015/04/23 v0.7c Provides the file path elements of the curre
nt input file

("C:\Users\Sebastian\AppData\Local\Programs\MiKTeX 2.9\tex\latex\oberdiek\kvopt
ions.sty"
Package: kvoptions 2016/05/16 v3.12 Key value format for package options (HO)

("C:\Users\Sebastian\AppData\Local\Programs\MiKTeX 2.9\tex\generic\oberdiek\ltx
cmds.sty"
Package: ltxcmds 2016/05/16 v1.23 LaTeX kernel commands for general use (HO)
)
("C:\Users\Sebastian\AppData\Local\Programs\MiKTeX 2.9\tex\generic\oberdiek\kvs
etkeys.sty"
Package: kvsetkeys 2016/05/16 v1.17 Key value parser (HO)

("C:\Users\Sebastian\AppData\Local\Programs\MiKTeX 2.9\tex\generic\oberdiek\inf
warerr.sty"
Package: infwarerr 2016/05/16 v1.4 Providing info/warning/error messages (HO)
)
("C:\Users\Sebastian\AppData\Local\Programs\MiKTeX 2.9\tex\generic\oberdiek\ete
xcmds.sty"
Package: etexcmds 2016/05/16 v1.6 Avoid name clashes with e-TeX commands (HO)
Package etexcmds Info: Could not find \expanded.
(etexcmds)             That can mean that you are not using pdfTeX 1.50 or
(etexcmds)             that some package has redefined \expanded.
(etexcmds)             In the latter case, load this package earlier.
)))
("C:\Users\Sebastian\AppData\Local\Programs\MiKTeX 2.9\tex\latex\filehook\fileh
ook.sty"
Package: filehook 2011/10/12 v0.5d Hooks for input files

("C:\Users\Sebastian\AppData\Local\Programs\MiKTeX 2.9\tex\latex\filehook\fileh
ook-scrlfile.sty"
Package: filehook-scrlfile 2011/01/03 v0.1 filehook patch for scrlfile package
Package filehook Info: Package 'scrlfile' detected and compensated for on input
 line 102.
))
\c@currfiledepth=\count106
)
("C:\Users\Sebastian\AppData\Local\Programs\MiKTeX 2.9\tex\latex\gincltex\gincl
tex.sty"
("C:\Users\Sebastian\AppData\Local\Programs\MiKTeX 2.9\tex\latex\svn-prov\svn-p
rov.sty"
Package: svn-prov 2010/04/24 v3.1862 Package Date/Version from SVN Keywords
)
Package: gincltex 2011/09/04 v0.3 Include external LaTeX files like graphics

("C:\Users\Sebastian\AppData\Local\Programs\MiKTeX 2.9\tex\latex\adjustbox\adju
stbox.sty"
Package: adjustbox 2018/04/08 v1.1 Adjusting TeX boxes (trim, clip, ...)

("C:\Users\Sebastian\AppData\Local\Programs\MiKTeX 2.9\tex\latex\adjustbox\adjc
alc.sty"
Package: adjcalc 2012/05/16 v1.1 Provides advanced setlength with multiple back
-ends (calc, etex, pgfmath)
)
("C:\Users\Sebastian\AppData\Local\Programs\MiKTeX 2.9\tex\latex\adjustbox\trim
clip.sty"
Package: trimclip 2018/04/08 v1.1 Trim and clip general TeX material

("C:\Users\Sebastian\AppData\Local\Programs\MiKTeX 2.9\tex\latex\graphics\graph
icx.sty"
Package: graphicx 2017/06/01 v1.1a Enhanced LaTeX Graphics (DPC,SPQR)

("C:\Users\Sebastian\AppData\Local\Programs\MiKTeX 2.9\tex\latex\graphics\graph
ics.sty"
Package: graphics 2017/06/25 v1.2c Standard LaTeX Graphics (DPC,SPQR)

("C:\Users\Sebastian\AppData\Local\Programs\MiKTeX 2.9\tex\latex\graphics\trig.
sty"
Package: trig 2016/01/03 v1.10 sin cos tan (DPC)
)
("C:\Users\Sebastian\AppData\Local\Programs\MiKTeX 2.9\tex\latex\graphics-cfg\g
raphics.cfg"
File: graphics.cfg 2016/06/04 v1.11 sample graphics configuration
)
Package graphics Info: Driver file: pdftex.def on input line 99.

("C:\Users\Sebastian\AppData\Local\Programs\MiKTeX 2.9\tex\latex\graphics-def\p
dftex.def"
File: pdftex.def 2018/01/08 v1.0l Graphics/color driver for pdftex
))
\Gin@req@height=\dimen115
\Gin@req@width=\dimen116
)
("C:\Users\Sebastian\AppData\Local\Programs\MiKTeX 2.9\tex\latex\collectbox\col
lectbox.sty"
Package: collectbox 2012/05/17 v0.4b Collect macro arguments as boxes
\collectedbox=\box32
)
\tc@llx=\dimen117
\tc@lly=\dimen118
\tc@urx=\dimen119
\tc@ury=\dimen120
Package trimclip Info: Using driver 'tc-pdftex.def'.

("C:\Users\Sebastian\AppData\Local\Programs\MiKTeX 2.9\tex\latex\adjustbox\tc-p
dftex.def"
File: tc-pdftex.def 2018/04/08 v2.1 Clipping driver for pdftex
))
\adjbox@Width=\dimen121
\adjbox@Height=\dimen122
\adjbox@Depth=\dimen123
\adjbox@Totalheight=\dimen124
\adjbox@pwidth=\dimen125
\adjbox@pheight=\dimen126
\adjbox@pdepth=\dimen127
\adjbox@ptotalheight=\dimen128

("C:\Users\Sebastian\AppData\Local\Programs\MiKTeX 2.9\tex\latex\ifoddpage\ifod
dpage.sty"
Package: ifoddpage 2016/04/23 v1.1 Conditionals for odd/even page detection
\c@checkoddpage=\count107
)
("C:\Users\Sebastian\AppData\Local\Programs\MiKTeX 2.9\tex\latex\varwidth\varwi
dth.sty"
Package: varwidth 2009/03/30 ver 0.92;  Variable-width minipages
\@vwid@box=\box33
\sift@deathcycles=\count108
\@vwid@loff=\dimen129
\@vwid@roff=\dimen130
))
\gincltex@box=\box34
)
("C:\Users\Sebastian\AppData\Local\Programs\MiKTeX 2.9\tex\latex\filemod\filemo
d-expmin.sty"
Package: filemod-expmin 2011/09/19 v1.2 Get and compare file modification times
 (expandable; minimal)
))
("C:\Users\Sebastian\AppData\Local\Programs\MiKTeX 2.9\tex\latex\koma-script\sc
rlayer-scrpage.sty"
Package: scrlayer-scrpage 2018/03/30 v3.25 KOMA-Script package (end user interf
ace for scrlayer)

("C:\Users\Sebastian\AppData\Local\Programs\MiKTeX 2.9\tex\latex\koma-script\sc
rlayer.sty"
Package: scrlayer 2018/03/30 v3.25 KOMA-Script package (defining layers and pag
e styles)
Package scrlayer Info: Using already defined \footheight
(scrlayer)             hoping, that this is a length and
(scrlayer)             not only a macro on input line 109.
Package scrlayer Info: patching LaTeX kernel macro \pagestyle on input line 199
7.
)
Package scrlayer-scrpage Info: Makeing stand-alone element `pagehead' from
(scrlayer-scrpage)             alias to `pageheadfoot' on input line 1241.
Package scrlayer-scrpage Info: deactivating warning for font element
(scrlayer-scrpage)             `pagefoot' on input line 1268.
)
Package scrlayer-scrpage Info: auto-selection of `pagestyleset=KOMA-Script'.

("C:\Users\Sebastian\AppData\Local\Programs\MiKTeX 2.9\tex\latex\setspace\setsp
ace.sty"
Package: setspace 2011/12/19 v6.7a set line spacing
)
("C:\Users\Sebastian\AppData\Local\Programs\MiKTeX 2.9\tex\latex\geometry\geome
try.sty"
Package: geometry 2018/04/16 v5.8 Page Geometry

("C:\Users\Sebastian\AppData\Local\Programs\MiKTeX 2.9\tex\generic\oberdiek\ifv
tex.sty"
Package: ifvtex 2016/05/16 v1.6 Detect VTeX and its facilities (HO)
Package ifvtex Info: VTeX not detected.
)
\Gm@cnth=\count109
\Gm@cntv=\count110
\c@Gm@tempcnt=\count111
\Gm@bindingoffset=\dimen131
\Gm@wd@mp=\dimen132
\Gm@odd@mp=\dimen133
\Gm@even@mp=\dimen134
\Gm@layoutwidth=\dimen135
\Gm@layoutheight=\dimen136
\Gm@layouthoffset=\dimen137
\Gm@layoutvoffset=\dimen138
\Gm@dimlist=\toks34

("C:\Users\Sebastian\AppData\Local\Programs\MiKTeX 2.9\tex\latex\geometry\geome
try.cfg"))
("C:\Users\Sebastian\AppData\Local\Programs\MiKTeX 2.9\tex\latex\placeins\place
ins.sty"
Package: placeins 2005/04/18  v 2.2
)
("C:\Users\Sebastian\AppData\Local\Programs\MiKTeX 2.9\tex\latex\microtype\micr
otype.sty"
Package: microtype 2018/01/14 v2.7a Micro-typographical refinements (RS)
\MT@toks=\toks35
\MT@count=\count112
LaTeX Info: Redefining \textls on input line 793.
\MT@outer@kern=\dimen139
LaTeX Info: Redefining \textmicrotypecontext on input line 1339.
\MT@listname@count=\count113

("C:\Users\Sebastian\AppData\Local\Programs\MiKTeX 2.9\tex\latex\microtype\micr
otype-pdftex.def"
File: microtype-pdftex.def 2018/01/14 v2.7a Definitions specific to pdftex (RS)

LaTeX Info: Redefining \lsstyle on input line 913.
LaTeX Info: Redefining \lslig on input line 913.
\MT@outer@space=\skip64
)
Package microtype Info: Loading configuration file microtype.cfg.

("C:\Users\Sebastian\AppData\Local\Programs\MiKTeX 2.9\tex\latex\microtype\micr
otype.cfg"
File: microtype.cfg 2018/01/14 v2.7a microtype main configuration file (RS)
))
("C:\Users\Sebastian\AppData\Local\Programs\MiKTeX 2.9\tex\latex\lm\lmodern.sty
"
Package: lmodern 2009/10/30 v1.6 Latin Modern Fonts
LaTeX Font Info:    Overwriting symbol font `operators' in version `normal'
(Font)                  OT1/cmr/m/n --> OT1/lmr/m/n on input line 22.
LaTeX Font Info:    Overwriting symbol font `letters' in version `normal'
(Font)                  OML/cmm/m/it --> OML/lmm/m/it on input line 23.
LaTeX Font Info:    Overwriting symbol font `symbols' in version `normal'
(Font)                  OMS/cmsy/m/n --> OMS/lmsy/m/n on input line 24.
LaTeX Font Info:    Overwriting symbol font `largesymbols' in version `normal'
(Font)                  OMX/cmex/m/n --> OMX/lmex/m/n on input line 25.
LaTeX Font Info:    Overwriting symbol font `operators' in version `bold'
(Font)                  OT1/cmr/bx/n --> OT1/lmr/bx/n on input line 26.
LaTeX Font Info:    Overwriting symbol font `letters' in version `bold'
(Font)                  OML/cmm/b/it --> OML/lmm/b/it on input line 27.
LaTeX Font Info:    Overwriting symbol font `symbols' in version `bold'
(Font)                  OMS/cmsy/b/n --> OMS/lmsy/b/n on input line 28.
LaTeX Font Info:    Overwriting symbol font `largesymbols' in version `bold'
(Font)                  OMX/cmex/m/n --> OMX/lmex/m/n on input line 29.
LaTeX Font Info:    Overwriting math alphabet `\mathbf' in version `normal'
(Font)                  OT1/cmr/bx/n --> OT1/lmr/bx/n on input line 31.
LaTeX Font Info:    Overwriting math alphabet `\mathsf' in version `normal'
(Font)                  OT1/cmss/m/n --> OT1/lmss/m/n on input line 32.
LaTeX Font Info:    Overwriting math alphabet `\mathit' in version `normal'
(Font)                  OT1/cmr/m/it --> OT1/lmr/m/it on input line 33.
LaTeX Font Info:    Overwriting math alphabet `\mathtt' in version `normal'
(Font)                  OT1/cmtt/m/n --> OT1/lmtt/m/n on input line 34.
LaTeX Font Info:    Overwriting math alphabet `\mathbf' in version `bold'
(Font)                  OT1/cmr/bx/n --> OT1/lmr/bx/n on input line 35.
LaTeX Font Info:    Overwriting math alphabet `\mathsf' in version `bold'
(Font)                  OT1/cmss/bx/n --> OT1/lmss/bx/n on input line 36.
LaTeX Font Info:    Overwriting math alphabet `\mathit' in version `bold'
(Font)                  OT1/cmr/bx/it --> OT1/lmr/bx/it on input line 37.
LaTeX Font Info:    Overwriting math alphabet `\mathtt' in version `bold'
(Font)                  OT1/cmtt/m/n --> OT1/lmtt/m/n on input line 38.
)
("C:\Users\Sebastian\AppData\Local\Programs\MiKTeX 2.9\tex\latex\xcolor\xcolor.
sty"
Package: xcolor 2016/05/11 v2.12 LaTeX color extensions (UK)

("C:\Users\Sebastian\AppData\Local\Programs\MiKTeX 2.9\tex\latex\graphics-cfg\c
olor.cfg"
File: color.cfg 2016/01/02 v1.6 sample color configuration
)
Package xcolor Info: Driver file: pdftex.def on input line 225.
Package xcolor Info: Model `cmy' substituted by `cmy0' on input line 1348.
Package xcolor Info: Model `hsb' substituted by `rgb' on input line 1352.
Package xcolor Info: Model `RGB' extended on input line 1364.
Package xcolor Info: Model `HTML' substituted by `rgb' on input line 1366.
Package xcolor Info: Model `Hsb' substituted by `hsb' on input line 1367.
Package xcolor Info: Model `tHsb' substituted by `hsb' on input line 1368.
Package xcolor Info: Model `HSB' substituted by `hsb' on input line 1369.
Package xcolor Info: Model `Gray' substituted by `gray' on input line 1370.
Package xcolor Info: Model `wave' substituted by `hsb' on input line 1371.
)
("C:\Users\Sebastian\AppData\Local\Programs\MiKTeX 2.9\tex\latex\tools\array.st
y"
Package: array 2018/04/30 v2.4h Tabular extension package (FMi)
\col@sep=\dimen140
\ar@mcellbox=\box35
\extrarowheight=\dimen141
\NC@list=\toks36
\extratabsurround=\skip65
\backup@length=\skip66
\ar@cellbox=\box36
)
("C:\Users\Sebastian\AppData\Local\Programs\MiKTeX 2.9\tex\latex\graphics\rotat
ing.sty"
Package: rotating 2016/08/11 v2.16d rotated objects in LaTeX

("C:\Users\Sebastian\AppData\Local\Programs\MiKTeX 2.9\tex\latex\base\ifthen.st
y"
Package: ifthen 2014/09/29 v1.1c Standard LaTeX ifthen package (DPC)
)
\c@r@tfl@t=\count114
\rotFPtop=\skip67
\rotFPbot=\skip68
\rot@float@box=\box37
\rot@mess@toks=\toks37
)
("C:\Users\Sebastian\AppData\Local\Programs\MiKTeX 2.9\tex\latex\booktabs\bookt
abs.sty"
Package: booktabs 2005/04/14 v1.61803 publication quality tables
\heavyrulewidth=\dimen142
\lightrulewidth=\dimen143
\cmidrulewidth=\dimen144
\belowrulesep=\dimen145
\belowbottomsep=\dimen146
\aboverulesep=\dimen147
\abovetopsep=\dimen148
\cmidrulesep=\dimen149
\cmidrulekern=\dimen150
\defaultaddspace=\dimen151
\@cmidla=\count115
\@cmidlb=\count116
\@aboverulesep=\dimen152
\@belowrulesep=\dimen153
\@thisruleclass=\count117
\@lastruleclass=\count118
\@thisrulewidth=\dimen154
)
("C:\Users\Sebastian\AppData\Local\Programs\MiKTeX 2.9\tex\latex\tools\tabularx
.sty"
Package: tabularx 2016/02/03 v2.11b `tabularx' package (DPC)
\TX@col@width=\dimen155
\TX@old@table=\dimen156
\TX@old@col=\dimen157
\TX@target=\dimen158
\TX@delta=\dimen159
\TX@cols=\count119
\TX@ftn=\toks38
)
("C:\Users\Sebastian\AppData\Local\Programs\MiKTeX 2.9\tex\latex\multirow\multi
row.sty"
Package: multirow 2018/08/03 v2.3 Span multiple rows of a table
\multirow@colwidth=\skip69
\multirow@cntb=\count120
\multirow@dima=\skip70
\bigstrutjot=\dimen160
)
("C:\Users\Sebastian\AppData\Local\Programs\MiKTeX 2.9\tex\latex\tablefootnote\
tablefootnote.sty"
Package: tablefootnote 2014/01/26 v1.1c Table foot notes (HMM)

("C:\Users\Sebastian\AppData\Local\Programs\MiKTeX 2.9\tex\latex\oberdiek\letlt
xmacro.sty"
Package: letltxmacro 2016/05/16 v1.5 Let assignment for LaTeX macros (HO)
)
("C:\Users\Sebastian\AppData\Local\Programs\MiKTeX 2.9\tex\latex\xifthen\xifthe
n.sty"
Package: xifthen 2015/11/05 v1.4.0 Extended ifthen features

("C:\Users\Sebastian\AppData\Local\Programs\MiKTeX 2.9\tex\latex\tools\calc.sty
"
Package: calc 2017/05/25 v4.3 Infix arithmetic (KKT,FJ)
\calc@Acount=\count121
\calc@Bcount=\count122
\calc@Adimen=\dimen161
\calc@Bdimen=\dimen162
\calc@Askip=\skip71
\calc@Bskip=\skip72
LaTeX Info: Redefining \setlength on input line 80.
LaTeX Info: Redefining \addtolength on input line 81.
\calc@Ccount=\count123
\calc@Cskip=\skip73
)
("C:\Users\Sebastian\AppData\Local\Programs\MiKTeX 2.9\tex\latex\ifmtarg\ifmtar
g.sty"
Package: ifmtarg 2018/04/16 v1.2b check for an empty argument
))
("C:\Users\Sebastian\AppData\Local\Programs\MiKTeX 2.9\tex\latex\etoolbox\etool
box.sty"
Package: etoolbox 2018/08/19 v2.5f e-TeX tools for LaTeX (JAW)
\etb@tempcnta=\count124
))
("C:\Users\Sebastian\AppData\Local\Programs\MiKTeX 2.9\tex\latex\caption\subcap
tion.sty"
Package: subcaption 2018/05/01 v1.1-162 Sub-captions (AR)

("C:\Users\Sebastian\AppData\Local\Programs\MiKTeX 2.9\tex\latex\caption\captio
n.sty"
Package: caption 2018/05/01 v3.3-147 Customizing captions (AR)

("C:\Users\Sebastian\AppData\Local\Programs\MiKTeX 2.9\tex\latex\caption\captio
n3.sty"
Package: caption3 2018/05/27 v1.8a caption3 kernel (AR)
Package caption3 Info: TeX engine: e-TeX on input line 64.
\captionmargin=\dimen163
\captionmargin@=\dimen164
\captionwidth=\dimen165
\caption@tempdima=\dimen166
\caption@indent=\dimen167
\caption@parindent=\dimen168
\caption@hangindent=\dimen169
)
Package caption Info: KOMA-Script document class.
\c@ContinuedFloat=\count125
Package caption Info: float package is loaded.
Package caption Info: rotating package is loaded.
)
\c@subfigure=\count126
\c@subtable=\count127
)
("C:\Users\Sebastian\AppData\Local\Programs\MiKTeX 2.9\tex\latex\paralist\paral
ist.sty"
Package: paralist 2017/01/22 v2.7 Extended list environments
\pltopsep=\skip74
\plpartopsep=\skip75
\plitemsep=\skip76
\plparsep=\skip77
\pl@lab=\toks39
)
("C:\Users\Sebastian\AppData\Local\Programs\MiKTeX 2.9\tex\latex\acronym\acrony
m.sty"
Package: acronym 2015/03/21 v1.41 Support for acronyms (Tobias Oetiker)

("C:\Users\Sebastian\AppData\Local\Programs\MiKTeX 2.9\tex\latex\bigfoot\suffix
.sty"
Package: suffix 2006/07/15 1.5a Variant command support
)
("C:\Users\Sebastian\AppData\Local\Programs\MiKTeX 2.9\tex\latex\xstring\xstrin
g.sty"
("C:\Users\Sebastian\AppData\Local\Programs\MiKTeX 2.9\tex\generic\xstring\xstr
ing.tex"
\@xs@message=\write3
\integerpart=\count128
\decimalpart=\count129
)
Package: xstring 2013/10/13  v1.7c  String manipulations (C Tellechea)
)
\AC@clearlist=\toks40
)
("C:\Users\Sebastian\AppData\Local\Programs\MiKTeX 2.9\tex\latex\fancybox\fancy
box.sty"
Package: fancybox 2010/05/15 1.4

Style option: `fancybox' v1.4 <2010/05/15> (tvz)
\@fancybox=\box38
\shadowsize=\dimen170
\@Sbox=\box39
\do@VerbBox=\toks41
\the@fancyput=\toks42
\this@fancyput=\toks43
\EndVerbatimTokens=\toks44
\Verbatim@Outfile=\write4
\Verbatim@Infile=\read2
)
("C:\Users\Sebastian\AppData\Local\Programs\MiKTeX 2.9\tex\latex\tcolorbox\tcol
orbox.sty"
Package: tcolorbox 2018/07/26 version 4.14 text color boxes

("C:\Users\Sebastian\AppData\Local\Programs\MiKTeX 2.9\tex\latex\pgf\basiclayer
\pgf.sty"
("C:\Users\Sebastian\AppData\Local\Programs\MiKTeX 2.9\tex\latex\pgf\utilities\
pgfrcs.sty"
("C:\Users\Sebastian\AppData\Local\Programs\MiKTeX 2.9\tex\generic\pgf\utilitie
s\pgfutil-common.tex"
\pgfutil@everybye=\toks45
\pgfutil@tempdima=\dimen171
\pgfutil@tempdimb=\dimen172

("C:\Users\Sebastian\AppData\Local\Programs\MiKTeX 2.9\tex\generic\pgf\utilitie
s\pgfutil-common-lists.tex"))
("C:\Users\Sebastian\AppData\Local\Programs\MiKTeX 2.9\tex\generic\pgf\utilitie
s\pgfutil-latex.def"
\pgfutil@abb=\box40

("C:\Users\Sebastian\AppData\Local\Programs\MiKTeX 2.9\tex\latex\ms\everyshi.st
y"
Package: everyshi 2001/05/15 v3.00 EveryShipout Package (MS)
))
("C:\Users\Sebastian\AppData\Local\Programs\MiKTeX 2.9\tex\generic\pgf\utilitie
s\pgfrcs.code.tex"
Package: pgfrcs 2015/08/07 v3.0.1a (rcs-revision 1.31)
))
Package: pgf 2015/08/07 v3.0.1a (rcs-revision 1.15)

("C:\Users\Sebastian\AppData\Local\Programs\MiKTeX 2.9\tex\latex\pgf\basiclayer
\pgfcore.sty"
("C:\Users\Sebastian\AppData\Local\Programs\MiKTeX 2.9\tex\latex\pgf\systemlaye
r\pgfsys.sty"
("C:\Users\Sebastian\AppData\Local\Programs\MiKTeX 2.9\tex\generic\pgf\systemla
yer\pgfsys.code.tex"
Package: pgfsys 2014/07/09 v3.0.1a (rcs-revision 1.48)

("C:\Users\Sebastian\AppData\Local\Programs\MiKTeX 2.9\tex\generic\pgf\utilitie
s\pgfkeys.code.tex"
\pgfkeys@pathtoks=\toks46
\pgfkeys@temptoks=\toks47

("C:\Users\Sebastian\AppData\Local\Programs\MiKTeX 2.9\tex\generic\pgf\utilitie
s\pgfkeysfiltered.code.tex"
\pgfkeys@tmptoks=\toks48
))
\pgf@x=\dimen173
\pgf@y=\dimen174
\pgf@xa=\dimen175
\pgf@ya=\dimen176
\pgf@xb=\dimen177
\pgf@yb=\dimen178
\pgf@xc=\dimen179
\pgf@yc=\dimen180
\w@pgf@writea=\write5
\r@pgf@reada=\read3
\c@pgf@counta=\count130
\c@pgf@countb=\count131
\c@pgf@countc=\count132
\c@pgf@countd=\count133
\t@pgf@toka=\toks49
\t@pgf@tokb=\toks50
\t@pgf@tokc=\toks51

("C:\Users\Sebastian\AppData\Local\Programs\MiKTeX 2.9\tex\generic\pgf\systemla
yer\pgf.cfg"
File: pgf.cfg 2008/05/14  (rcs-revision 1.7)
)
Driver file for pgf: pgfsys-pdftex.def

("C:\Users\Sebastian\AppData\Local\Programs\MiKTeX 2.9\tex\generic\pgf\systemla
yer\pgfsys-pdftex.def"
File: pgfsys-pdftex.def 2014/10/11  (rcs-revision 1.35)

("C:\Users\Sebastian\AppData\Local\Programs\MiKTeX 2.9\tex\generic\pgf\systemla
yer\pgfsys-common-pdf.def"
File: pgfsys-common-pdf.def 2013/10/10  (rcs-revision 1.13)
)))
("C:\Users\Sebastian\AppData\Local\Programs\MiKTeX 2.9\tex\generic\pgf\systemla
yer\pgfsyssoftpath.code.tex"
File: pgfsyssoftpath.code.tex 2013/09/09  (rcs-revision 1.9)
\pgfsyssoftpath@smallbuffer@items=\count134
\pgfsyssoftpath@bigbuffer@items=\count135
)
("C:\Users\Sebastian\AppData\Local\Programs\MiKTeX 2.9\tex\generic\pgf\systemla
yer\pgfsysprotocol.code.tex"
File: pgfsysprotocol.code.tex 2006/10/16  (rcs-revision 1.4)
))
("C:\Users\Sebastian\AppData\Local\Programs\MiKTeX 2.9\tex\generic\pgf\basiclay
er\pgfcore.code.tex"
Package: pgfcore 2010/04/11 v3.0.1a (rcs-revision 1.7)

("C:\Users\Sebastian\AppData\Local\Programs\MiKTeX 2.9\tex\generic\pgf\math\pgf
math.code.tex"
("C:\Users\Sebastian\AppData\Local\Programs\MiKTeX 2.9\tex\generic\pgf\math\pgf
mathcalc.code.tex"
("C:\Users\Sebastian\AppData\Local\Programs\MiKTeX 2.9\tex\generic\pgf\math\pgf
mathutil.code.tex")
("C:\Users\Sebastian\AppData\Local\Programs\MiKTeX 2.9\tex\generic\pgf\math\pgf
mathparser.code.tex"
\pgfmath@dimen=\dimen181
\pgfmath@count=\count136
\pgfmath@box=\box41
\pgfmath@toks=\toks52
\pgfmath@stack@operand=\toks53
\pgfmath@stack@operation=\toks54
)
("C:\Users\Sebastian\AppData\Local\Programs\MiKTeX 2.9\tex\generic\pgf\math\pgf
mathfunctions.code.tex"
("C:\Users\Sebastian\AppData\Local\Programs\MiKTeX 2.9\tex\generic\pgf\math\pgf
mathfunctions.basic.code.tex")
("C:\Users\Sebastian\AppData\Local\Programs\MiKTeX 2.9\tex\generic\pgf\math\pgf
mathfunctions.trigonometric.code.tex")
("C:\Users\Sebastian\AppData\Local\Programs\MiKTeX 2.9\tex\generic\pgf\math\pgf
mathfunctions.random.code.tex")
("C:\Users\Sebastian\AppData\Local\Programs\MiKTeX 2.9\tex\generic\pgf\math\pgf
mathfunctions.comparison.code.tex")
("C:\Users\Sebastian\AppData\Local\Programs\MiKTeX 2.9\tex\generic\pgf\math\pgf
mathfunctions.base.code.tex")
("C:\Users\Sebastian\AppData\Local\Programs\MiKTeX 2.9\tex\generic\pgf\math\pgf
mathfunctions.round.code.tex")
("C:\Users\Sebastian\AppData\Local\Programs\MiKTeX 2.9\tex\generic\pgf\math\pgf
mathfunctions.misc.code.tex")
("C:\Users\Sebastian\AppData\Local\Programs\MiKTeX 2.9\tex\generic\pgf\math\pgf
mathfunctions.integerarithmetics.code.tex")))
("C:\Users\Sebastian\AppData\Local\Programs\MiKTeX 2.9\tex\generic\pgf\math\pgf
mathfloat.code.tex"
\c@pgfmathroundto@lastzeros=\count137
))
("C:\Users\Sebastian\AppData\Local\Programs\MiKTeX 2.9\tex\generic\pgf\basiclay
er\pgfcorepoints.code.tex"
File: pgfcorepoints.code.tex 2013/10/07  (rcs-revision 1.27)
\pgf@picminx=\dimen182
\pgf@picmaxx=\dimen183
\pgf@picminy=\dimen184
\pgf@picmaxy=\dimen185
\pgf@pathminx=\dimen186
\pgf@pathmaxx=\dimen187
\pgf@pathminy=\dimen188
\pgf@pathmaxy=\dimen189
\pgf@xx=\dimen190
\pgf@xy=\dimen191
\pgf@yx=\dimen192
\pgf@yy=\dimen193
\pgf@zx=\dimen194
\pgf@zy=\dimen195
)
("C:\Users\Sebastian\AppData\Local\Programs\MiKTeX 2.9\tex\generic\pgf\basiclay
er\pgfcorepathconstruct.code.tex"
File: pgfcorepathconstruct.code.tex 2013/10/07  (rcs-revision 1.29)
\pgf@path@lastx=\dimen196
\pgf@path@lasty=\dimen197
)
("C:\Users\Sebastian\AppData\Local\Programs\MiKTeX 2.9\tex\generic\pgf\basiclay
er\pgfcorepathusage.code.tex"
File: pgfcorepathusage.code.tex 2014/11/02  (rcs-revision 1.24)
\pgf@shorten@end@additional=\dimen198
\pgf@shorten@start@additional=\dimen199
)
("C:\Users\Sebastian\AppData\Local\Programs\MiKTeX 2.9\tex\generic\pgf\basiclay
er\pgfcorescopes.code.tex"
File: pgfcorescopes.code.tex 2015/05/08  (rcs-revision 1.46)
\pgfpic=\box42
\pgf@hbox=\box43
\pgf@layerbox@main=\box44
\pgf@picture@serial@count=\count138
)
("C:\Users\Sebastian\AppData\Local\Programs\MiKTeX 2.9\tex\generic\pgf\basiclay
er\pgfcoregraphicstate.code.tex"
File: pgfcoregraphicstate.code.tex 2014/11/02  (rcs-revision 1.12)
\pgflinewidth=\dimen256
)
("C:\Users\Sebastian\AppData\Local\Programs\MiKTeX 2.9\tex\generic\pgf\basiclay
er\pgfcoretransformations.code.tex"
File: pgfcoretransformations.code.tex 2015/08/07  (rcs-revision 1.20)
\pgf@pt@x=\dimen257
\pgf@pt@y=\dimen258
\pgf@pt@temp=\dimen259
)
("C:\Users\Sebastian\AppData\Local\Programs\MiKTeX 2.9\tex\generic\pgf\basiclay
er\pgfcorequick.code.tex"
File: pgfcorequick.code.tex 2008/10/09  (rcs-revision 1.3)
)
("C:\Users\Sebastian\AppData\Local\Programs\MiKTeX 2.9\tex\generic\pgf\basiclay
er\pgfcoreobjects.code.tex"
File: pgfcoreobjects.code.tex 2006/10/11  (rcs-revision 1.2)
)
("C:\Users\Sebastian\AppData\Local\Programs\MiKTeX 2.9\tex\generic\pgf\basiclay
er\pgfcorepathprocessing.code.tex"
File: pgfcorepathprocessing.code.tex 2013/09/09  (rcs-revision 1.9)
)
("C:\Users\Sebastian\AppData\Local\Programs\MiKTeX 2.9\tex\generic\pgf\basiclay
er\pgfcorearrows.code.tex"
File: pgfcorearrows.code.tex 2015/05/14  (rcs-revision 1.43)
\pgfarrowsep=\dimen260
)
("C:\Users\Sebastian\AppData\Local\Programs\MiKTeX 2.9\tex\generic\pgf\basiclay
er\pgfcoreshade.code.tex"
File: pgfcoreshade.code.tex 2013/07/15  (rcs-revision 1.15)
\pgf@max=\dimen261
\pgf@sys@shading@range@num=\count139
)
("C:\Users\Sebastian\AppData\Local\Programs\MiKTeX 2.9\tex\generic\pgf\basiclay
er\pgfcoreimage.code.tex"
File: pgfcoreimage.code.tex 2013/07/15  (rcs-revision 1.18)

("C:\Users\Sebastian\AppData\Local\Programs\MiKTeX 2.9\tex\generic\pgf\basiclay
er\pgfcoreexternal.code.tex"
File: pgfcoreexternal.code.tex 2014/07/09  (rcs-revision 1.21)
\pgfexternal@startupbox=\box45
))
("C:\Users\Sebastian\AppData\Local\Programs\MiKTeX 2.9\tex\generic\pgf\basiclay
er\pgfcorelayers.code.tex"
File: pgfcorelayers.code.tex 2013/07/18  (rcs-revision 1.7)
)
("C:\Users\Sebastian\AppData\Local\Programs\MiKTeX 2.9\tex\generic\pgf\basiclay
er\pgfcoretransparency.code.tex"
File: pgfcoretransparency.code.tex 2013/09/30  (rcs-revision 1.5)
)
("C:\Users\Sebastian\AppData\Local\Programs\MiKTeX 2.9\tex\generic\pgf\basiclay
er\pgfcorepatterns.code.tex"
File: pgfcorepatterns.code.tex 2013/11/07  (rcs-revision 1.5)
)))
("C:\Users\Sebastian\AppData\Local\Programs\MiKTeX 2.9\tex\generic\pgf\modules\
pgfmoduleshapes.code.tex"
File: pgfmoduleshapes.code.tex 2014/03/21  (rcs-revision 1.35)
\pgfnodeparttextbox=\box46
)
("C:\Users\Sebastian\AppData\Local\Programs\MiKTeX 2.9\tex\generic\pgf\modules\
pgfmoduleplot.code.tex"
File: pgfmoduleplot.code.tex 2015/08/03  (rcs-revision 1.13)
)
("C:\Users\Sebastian\AppData\Local\Programs\MiKTeX 2.9\tex\latex\pgf\compatibil
ity\pgfcomp-version-0-65.sty"
Package: pgfcomp-version-0-65 2007/07/03 v3.0.1a (rcs-revision 1.7)
\pgf@nodesepstart=\dimen262
\pgf@nodesepend=\dimen263
)
("C:\Users\Sebastian\AppData\Local\Programs\MiKTeX 2.9\tex\latex\pgf\compatibil
ity\pgfcomp-version-1-18.sty"
Package: pgfcomp-version-1-18 2007/07/23 v3.0.1a (rcs-revision 1.1)
))
("C:\Users\Sebastian\AppData\Local\Programs\MiKTeX 2.9\tex\latex\environ\enviro
n.sty"
Package: environ 2014/05/04 v0.3 A new way to define environments

("C:\Users\Sebastian\AppData\Local\Programs\MiKTeX 2.9\tex\latex\trimspaces\tri
mspaces.sty"
Package: trimspaces 2009/09/17 v1.1 Trim spaces around a token list
))
\tcb@titlebox=\box47
\tcb@upperbox=\box48
\tcb@lowerbox=\box49
\tcb@phantombox=\box50
\c@tcbbreakpart=\count140
\c@tcblayer=\count141
\tcolorbox@number=\count142
\tcb@temp=\box51
\tcb@temp=\box52
\tcb@temp=\box53
\tcb@temp=\box54
\tcb@out=\write6
\tcb@record@out=\write7

("C:\Users\Sebastian\AppData\Local\Programs\MiKTeX 2.9\tex\latex\tcolorbox\tcbr
aster.code.tex"
Library (tcolorbox): 'tcbraster.code.tex' version '4.14'
\c@tcbrastercolumn=\count143
\c@tcbrasterrow=\count144
\c@tcbraster=\count145
)
("C:\Users\Sebastian\AppData\Local\Programs\MiKTeX 2.9\tex\latex\tcolorbox\tcbs
kins.code.tex"
Library (tcolorbox): 'tcbskins.code.tex' version '4.14'

("C:\Users\Sebastian\AppData\Local\Programs\MiKTeX 2.9\tex\latex\pgf\frontendla
yer\tikz.sty"
("C:\Users\Sebastian\AppData\Local\Programs\MiKTeX 2.9\tex\latex\pgf\utilities\
pgffor.sty"
("C:\Users\Sebastian\AppData\Local\Programs\MiKTeX 2.9\tex\latex\pgf\utilities\
pgfkeys.sty"
("C:\Users\Sebastian\AppData\Local\Programs\MiKTeX 2.9\tex\generic\pgf\utilitie
s\pgfkeys.code.tex"))
("C:\Users\Sebastian\AppData\Local\Programs\MiKTeX 2.9\tex\latex\pgf\math\pgfma
th.sty"
("C:\Users\Sebastian\AppData\Local\Programs\MiKTeX 2.9\tex\generic\pgf\math\pgf
math.code.tex"))
("C:\Users\Sebastian\AppData\Local\Programs\MiKTeX 2.9\tex\generic\pgf\utilitie
s\pgffor.code.tex"
Package: pgffor 2013/12/13 v3.0.1a (rcs-revision 1.25)

("C:\Users\Sebastian\AppData\Local\Programs\MiKTeX 2.9\tex\generic\pgf\math\pgf
math.code.tex")
\pgffor@iter=\dimen264
\pgffor@skip=\dimen265
\pgffor@stack=\toks55
\pgffor@toks=\toks56
))
("C:\Users\Sebastian\AppData\Local\Programs\MiKTeX 2.9\tex\generic\pgf\frontend
layer\tikz\tikz.code.tex"
Package: tikz 2015/08/07 v3.0.1a (rcs-revision 1.151)

("C:\Users\Sebastian\AppData\Local\Programs\MiKTeX 2.9\tex\generic\pgf\librarie
s\pgflibraryplothandlers.code.tex"
File: pgflibraryplothandlers.code.tex 2013/08/31 v3.0.1a (rcs-revision 1.20)
\pgf@plot@mark@count=\count146
\pgfplotmarksize=\dimen266
)
\tikz@lastx=\dimen267
\tikz@lasty=\dimen268
\tikz@lastxsaved=\dimen269
\tikz@lastysaved=\dimen270
\tikzleveldistance=\dimen271
\tikzsiblingdistance=\dimen272
\tikz@figbox=\box55
\tikz@figbox@bg=\box56
\tikz@tempbox=\box57
\tikz@tempbox@bg=\box58
\tikztreelevel=\count147
\tikznumberofchildren=\count148
\tikznumberofcurrentchild=\count149
\tikz@fig@count=\count150

("C:\Users\Sebastian\AppData\Local\Programs\MiKTeX 2.9\tex\generic\pgf\modules\
pgfmodulematrix.code.tex"
File: pgfmodulematrix.code.tex 2013/09/17  (rcs-revision 1.8)
\pgfmatrixcurrentrow=\count151
\pgfmatrixcurrentcolumn=\count152
\pgf@matrix@numberofcolumns=\count153
)
\tikz@expandcount=\count154

("C:\Users\Sebastian\AppData\Local\Programs\MiKTeX 2.9\tex\generic\pgf\frontend
layer\tikz\libraries\tikzlibrarytopaths.code.tex"
File: tikzlibrarytopaths.code.tex 2008/06/17 v3.0.1a (rcs-revision 1.2)
)))
\tcb@waterbox=\box59

("C:\Users\Sebastian\AppData\Local\Programs\MiKTeX 2.9\tex\latex\tcolorbox\tcbs
kinsjigsaw.code.tex"
Library (tcolorbox): 'tcbskinsjigsaw.code.tex' version '4.14'
))
("C:\Users\Sebastian\AppData\Local\Programs\MiKTeX 2.9\tex\latex\tcolorbox\tcbb
reakable.code.tex"
Library (tcolorbox): 'tcbbreakable.code.tex' version '4.14'
\tcb@testbox=\box60
\tcb@totalupperbox=\box61
\tcb@totallowerbox=\box62
)
("C:\Users\Sebastian\AppData\Local\Programs\MiKTeX 2.9\tex\latex\tcolorbox\tcbh
ooks.code.tex"
Library (tcolorbox): 'tcbhooks.code.tex' version '4.14'
)
("C:\Users\Sebastian\AppData\Local\Programs\MiKTeX 2.9\tex\latex\tcolorbox\tcbt
heorems.code.tex"
Library (tcolorbox): 'tcbtheorems.code.tex' version '4.14'
)
("C:\Users\Sebastian\AppData\Local\Programs\MiKTeX 2.9\tex\latex\tcolorbox\tcbf
itting.code.tex"
Library (tcolorbox): 'tcbfitting.code.tex' version '4.14'
\tcbfitdim=\dimen273
\tcb@lowerfitdim=\dimen274
\tcb@upperfitdim=\dimen275
\tcb@cur@hbadness=\count155
)
("C:\Users\Sebastian\AppData\Local\Programs\MiKTeX 2.9\tex\latex\tcolorbox\tcbx
parse.code.tex"
Library (tcolorbox): 'tcbxparse.code.tex' version '4.14'

("C:\Users\Sebastian\AppData\Local\Programs\MiKTeX 2.9\tex\latex\l3packages\xpa
rse\xparse.sty"
("C:\Users\Sebastian\AppData\Local\Programs\MiKTeX 2.9\tex\latex\l3kernel\expl3
.sty"
Package: expl3 2018-06-14 L3 programming layer (loader) 

("C:\Users\Sebastian\AppData\Local\Programs\MiKTeX 2.9\tex\latex\l3kernel\expl3
-code.tex"
Package: expl3 2018-06-14 L3 programming layer (code)
\c_max_int=\count156
\l_tmpa_int=\count157
\l_tmpb_int=\count158
\g_tmpa_int=\count159
\g_tmpb_int=\count160
\g__kernel_prg_map_int=\count161
\c_log_iow=\count162
\l_iow_line_count_int=\count163
\l__iow_line_target_int=\count164
\l__iow_one_indent_int=\count165
\l__iow_indent_int=\count166
\c_zero_dim=\dimen276
\c_max_dim=\dimen277
\l_tmpa_dim=\dimen278
\l_tmpb_dim=\dimen279
\g_tmpa_dim=\dimen280
\g_tmpb_dim=\dimen281
\c_zero_skip=\skip78
\c_max_skip=\skip79
\l_tmpa_skip=\skip80
\l_tmpb_skip=\skip81
\g_tmpa_skip=\skip82
\g_tmpb_skip=\skip83
\c_zero_muskip=\muskip11
\c_max_muskip=\muskip12
\l_tmpa_muskip=\muskip13
\l_tmpb_muskip=\muskip14
\g_tmpa_muskip=\muskip15
\g_tmpb_muskip=\muskip16
\l_keys_choice_int=\count167
\l__intarray_loop_int=\count168
\c__intarray_sp_dim=\dimen282
\g__intarray_font_int=\count169
\c__fp_leading_shift_int=\count170
\c__fp_middle_shift_int=\count171
\c__fp_trailing_shift_int=\count172
\c__fp_big_leading_shift_int=\count173
\c__fp_big_middle_shift_int=\count174
\c__fp_big_trailing_shift_int=\count175
\c__fp_Bigg_leading_shift_int=\count176
\c__fp_Bigg_middle_shift_int=\count177
\c__fp_Bigg_trailing_shift_int=\count178
\c__kernel_randint_max_int=\count179
\g__fp_array_int=\count180
\l__fp_array_loop_int=\count181
\l__sort_length_int=\count182
\l__sort_min_int=\count183
\l__sort_top_int=\count184
\l__sort_max_int=\count185
\l__sort_true_max_int=\count186
\l__sort_block_int=\count187
\l__sort_begin_int=\count188
\l__sort_end_int=\count189
\l__sort_A_int=\count190
\l__sort_B_int=\count191
\l__sort_C_int=\count192
\l__tl_analysis_normal_int=\count193
\l__tl_analysis_index_int=\count194
\l__tl_analysis_nesting_int=\count195
\l__tl_analysis_type_int=\count196
\l__regex_internal_a_int=\count197
\l__regex_internal_b_int=\count198
\l__regex_internal_c_int=\count199
\l__regex_balance_int=\count266
\l__regex_group_level_int=\count267
\l__regex_mode_int=\count268
\c__regex_cs_in_class_mode_int=\count269
\c__regex_cs_mode_int=\count270
\l__regex_catcodes_int=\count271
\l__regex_default_catcodes_int=\count272
\c__regex_catcode_D_int=\count273
\c__regex_catcode_S_int=\count274
\c__regex_catcode_L_int=\count275
\c__regex_catcode_O_int=\count276
\c__regex_catcode_A_int=\count277
\c__regex_all_catcodes_int=\count278
\l__regex_show_lines_int=\count279
\l__regex_min_state_int=\count280
\l__regex_max_state_int=\count281
\l__regex_left_state_int=\count282
\l__regex_right_state_int=\count283
\l__regex_capturing_group_int=\count284
\l__regex_min_pos_int=\count285
\l__regex_max_pos_int=\count286
\l__regex_curr_pos_int=\count287
\l__regex_start_pos_int=\count288
\l__regex_success_pos_int=\count289
\l__regex_curr_char_int=\count290
\l__regex_curr_catcode_int=\count291
\l__regex_last_char_int=\count292
\l__regex_case_changed_char_int=\count293
\l__regex_curr_state_int=\count294
\l__regex_step_int=\count295
\l__regex_min_active_int=\count296
\l__regex_max_active_int=\count297
\l__regex_replacement_csnames_int=\count298
\l__regex_match_count_int=\count299
\l__regex_min_submatch_int=\count300
\l__regex_submatch_int=\count301
\l__regex_zeroth_submatch_int=\count302
\g__regex_trace_regex_int=\count303
\c_empty_box=\box63
\l_tmpa_box=\box64
\l_tmpb_box=\box65
\g_tmpa_box=\box66
\g_tmpb_box=\box67
\l__box_top_dim=\dimen283
\l__box_bottom_dim=\dimen284
\l__box_left_dim=\dimen285
\l__box_right_dim=\dimen286
\l__box_top_new_dim=\dimen287
\l__box_bottom_new_dim=\dimen288
\l__box_left_new_dim=\dimen289
\l__box_right_new_dim=\dimen290
\l__box_internal_box=\box68
\l__coffin_internal_box=\box69
\l__coffin_internal_dim=\dimen291
\l__coffin_offset_x_dim=\dimen292
\l__coffin_offset_y_dim=\dimen293
\l__coffin_x_dim=\dimen294
\l__coffin_y_dim=\dimen295
\l__coffin_x_prime_dim=\dimen296
\l__coffin_y_prime_dim=\dimen297
\c_empty_coffin=\box70
\l__coffin_aligned_coffin=\box71
\l__coffin_aligned_internal_coffin=\box72
\l_tmpa_coffin=\box73
\l_tmpb_coffin=\box74
\l__coffin_display_coffin=\box75
\l__coffin_display_coord_coffin=\box76
\l__coffin_display_pole_coffin=\box77
\l__coffin_display_offset_dim=\dimen298
\l__coffin_display_x_dim=\dimen299
\l__coffin_display_y_dim=\dimen300
\g__file_internal_ior=\read4
\l__coffin_bounding_shift_dim=\dimen301
\l__coffin_left_corner_dim=\dimen302
\l__coffin_right_corner_dim=\dimen303
\l__coffin_bottom_corner_dim=\dimen304
\l__coffin_top_corner_dim=\dimen305
\l__coffin_scaled_total_height_dim=\dimen306
\l__coffin_scaled_width_dim=\dimen307
\l__seq_internal_a_int=\count304
\l__seq_internal_b_int=\count305
)
("C:\Users\Sebastian\AppData\Local\Programs\MiKTeX 2.9\tex\latex\l3kernel\l3pdf
mode.def"
File: l3pdfmode.def 2018-06-14 v L3 Experimental driver: PDF mode
\l__driver_color_stack_int=\count306
))
Package: xparse 2018-05-12 L3 Experimental document command parser
\l__xparse_current_arg_int=\count307
\g__xparse_grabber_int=\count308
\l__xparse_m_args_int=\count309
\l__xparse_mandatory_args_int=\count310
\l__xparse_v_nesting_int=\count311
)
.................................................
. LaTeX info: "xparse/define-command"
. 
. Defining command \tcboxverb with sig. ' O{} v ' on line 128.
.................................................
.................................................
. LaTeX info: "xparse/define-command"
. 
. Defining command \tcbsidebyside with sig. ' +O{} +m +m ' on line 280.
.................................................
)
("C:\Users\Sebastian\AppData\Local\Programs\MiKTeX 2.9\tex\latex\tcolorbox\tcbl
istingsutf8.code.tex"
Library (tcolorbox): 'tcblistingsutf8.code.tex' version '4.14'

("C:\Users\Sebastian\AppData\Local\Programs\MiKTeX 2.9\tex\latex\oberdiek\listi
ngsutf8.sty"
Package: listingsutf8 2016/05/16 v1.3 Allow UTF-8 in listings input (HO)

("C:\Users\Sebastian\AppData\Local\Programs\MiKTeX 2.9\tex\latex\listings\listi
ngs.sty"
\lst@mode=\count312
\lst@gtempboxa=\box78
\lst@token=\toks57
\lst@length=\count313
\lst@currlwidth=\dimen308
\lst@column=\count314
\lst@pos=\count315
\lst@lostspace=\dimen309
\lst@width=\dimen310
\lst@newlines=\count316
\lst@lineno=\count317
\lst@maxwidth=\dimen311

("C:\Users\Sebastian\AppData\Local\Programs\MiKTeX 2.9\tex\latex\listings\lstmi
sc.sty"
File: lstmisc.sty 2015/06/04 1.6 (Carsten Heinz)
\c@lstnumber=\count318
\lst@skipnumbers=\count319
\lst@framebox=\box79
)
("C:\Users\Sebastian\AppData\Local\Programs\MiKTeX 2.9\tex\latex\listings\listi
ngs.cfg"
File: listings.cfg 2015/06/04 1.6 listings configuration
))
Package: listings 2015/06/04 1.6 (Carsten Heinz)

("C:\Users\Sebastian\AppData\Local\Programs\MiKTeX 2.9\tex\generic\oberdiek\pdf
texcmds.sty"
Package: pdftexcmds 2018/01/30 v0.27 Utility functions of pdfTeX for LuaTeX (HO
)
Package pdftexcmds Info: LuaTeX not detected.
Package pdftexcmds Info: \pdf@primitive is available.
Package pdftexcmds Info: \pdf@ifprimitive is available.
Package pdftexcmds Info: \pdfdraftmode found.
)
("C:\Users\Sebastian\AppData\Local\Programs\MiKTeX 2.9\tex\generic\oberdiek\str
ingenc.sty"
Package: stringenc 2016/05/16 v1.11 Convert strings between diff. encodings (HO
)

("C:\Users\Sebastian\AppData\Local\Programs\MiKTeX 2.9\tex\generic\oberdiek\pdf
escape.sty"
Package: pdfescape 2016/05/16 v1.14 Implements pdfTeX's escape features (HO)
)))
("C:\Users\Sebastian\AppData\Local\Programs\MiKTeX 2.9\tex\latex\tcolorbox\tcbl
istings.code.tex"
Library (tcolorbox): 'tcblistings.code.tex' version '4.14'

("C:\Users\Sebastian\AppData\Local\Programs\MiKTeX 2.9\tex\latex\tcolorbox\tcbl
istingscore.code.tex"
Library (tcolorbox): 'tcblistingscore.code.tex' version '4.14'

("C:\Users\Sebastian\AppData\Local\Programs\MiKTeX 2.9\tex\latex\tcolorbox\tcbp
rocessing.code.tex"
Library (tcolorbox): 'tcbprocessing.code.tex' version '4.14'
)
\c@tcblisting=\count320
)))
("C:\Users\Sebastian\AppData\Local\Programs\MiKTeX 2.9\tex\latex\tcolorbox\tcbe
xternal.code.tex"
Library (tcolorbox): 'tcbexternal.code.tex' version '4.14'
)
("C:\Users\Sebastian\AppData\Local\Programs\MiKTeX 2.9\tex\latex\tcolorbox\tcbm
agazine.code.tex"
Library (tcolorbox): 'tcbmagazine.code.tex' version '4.14'
)
("C:\Users\Sebastian\AppData\Local\Programs\MiKTeX 2.9\tex\latex\tcolorbox\tcbv
ignette.code.tex"
Library (tcolorbox): 'tcbvignette.code.tex' version '4.14'

("C:\Users\Sebastian\AppData\Local\Programs\MiKTeX 2.9\tex\generic\pgf\frontend
layer\tikz\libraries\tikzlibraryfadings.code.tex"
File: tikzlibraryfadings.code.tex 2009/11/15 v3.0.1a (rcs-revision 1.2)

("C:\Users\Sebastian\AppData\Local\Programs\MiKTeX 2.9\tex\generic\pgf\librarie
s\pgflibraryfadings.code.tex"
File: pgflibraryfadings.code.tex 2008/02/07 v3.0.1a (rcs-revision 1.3)
)))
("C:\Users\Sebastian\AppData\Local\Programs\MiKTeX 2.9\tex\latex\tcolorbox\tcbp
oster.code.tex"
Library (tcolorbox): 'tcbposter.code.tex' version '4.14'
))
("C:\Users\Sebastian\AppData\Local\Programs\MiKTeX 2.9\tex\latex\layouts\layout
s.sty"
Package: layouts 2009/09/02 v2.6d graphical depiction of document elements
\l@ylen=\skip84
\layoutsbox=\box80
\l@youtunitlength=\skip85
\l@youtlinethick=\skip86
\l@youtlinethickii=\skip87
\l@ysetupparskip=\skip88
\l@ysetupbaselineskip=\skip89
\l@yonem=\skip90
\l@yonex=\skip91
\l@ylmarg=\skip92
\l@yrmarg=\skip93
\l@yitmindent=\skip94
\l@ylblwidth=\skip95
\l@ylblsep=\skip96
\l@ylparindent=\skip97
\l@ytsep=\skip98
\l@ypskip=\skip99
\l@yptsep=\skip100
\l@ypsep=\skip101
\l@yitmsep=\skip102
\l@ytok=\toks58
\l@youtpw=\count321
\l@youtph=\count322
\l@youthpi=\count323
\l@youthpii=\count324
\l@youthpiii=\count325
\l@youthpiv=\count326
\l@youthpv=\count327
\l@youthpvi=\count328
\l@youthpvii=\count329
\l@youtparskip=\count330
\l@youtvpi=\count331
\l@youtvpii=\count332
\l@youtvpiii=\count333
\l@youtvpiv=\count334
\l@youtvpv=\count335
\l@youtvpvi=\count336
\l@youtvpvii=\count337
\l@youthdo=\count338
\l@youthdi=\count339
\l@youthdii=\count340
\l@youthdiii=\count341
\l@youthdiv=\count342
\l@youthdv=\count343
\l@youthdvi=\count344
\l@youthdvii=\count345
\l@youtvdo=\count346
\l@youtvdi=\count347
\l@youtvdii=\count348
\l@youtvdiii=\count349
\l@youtvdiv=\count350
\l@youtvdv=\count351
\l@youtvdvi=\count352
\l@youtvdvii=\count353
\l@youtvdviii=\count354
\l@youtxci=\count355
\l@youtxcii=\count356
\l@youtxciii=\count357
\l@youtxciv=\count358
\l@youtxcv=\count359
\l@youtxcvi=\count360
\l@youtyci=\count361
\l@youtycii=\count362
\l@youtyciii=\count363
\l@youtyciv=\count364
\l@youtycv=\count365
\l@youtycvi=\count366
\l@youtycvii=\count367
\l@youtycviii=\count368
\l@youtxco=\count369
\l@youtyco=\count370
\l@ytempdima=\skip103
\stockwidth=\skip104
\stockheight=\skip105
\trimedge=\skip106
\trimtop=\skip107
\uppermargin=\skip108
\spinemargin=\skip109
)
\c@tcb@cnt@mydef=\count371

("C:\Users\Sebastian\AppData\Local\Programs\MiKTeX 2.9\tex\latex\csquotes\csquo
tes.sty"
Package: csquotes 2018/04/13 v5.2d context-sensitive quotations (JAW)
\csq@reset=\count372
\csq@gtype=\count373
\csq@glevel=\count374
\csq@qlevel=\count375
\csq@maxlvl=\count376
\csq@tshold=\count377
\csq@ltx@everypar=\toks59

("C:\Users\Sebastian\AppData\Local\Programs\MiKTeX 2.9\tex\latex\csquotes\csquo
tes.def"
File: csquotes.def 2018/04/13 v5.2d csquotes generic definitions (JAW)
)
Package csquotes Info: Trying to load configuration file 'csquotes.cfg'...
Package csquotes Info: ... configuration file loaded successfully.

("C:\Users\Sebastian\AppData\Local\Programs\MiKTeX 2.9\tex\latex\csquotes\csquo
tes.cfg"
File: csquotes.cfg 
))
("C:\Users\Sebastian\AppData\Local\Programs\MiKTeX 2.9\tex\latex\hyperref\hyper
ref.sty"
Package: hyperref 2018/02/06 v6.86b Hypertext links for LaTeX

("C:\Users\Sebastian\AppData\Local\Programs\MiKTeX 2.9\tex\generic\oberdiek\hob
sub-hyperref.sty"
Package: hobsub-hyperref 2016/05/16 v1.14 Bundle oberdiek, subset hyperref (HO)


("C:\Users\Sebastian\AppData\Local\Programs\MiKTeX 2.9\tex\generic\oberdiek\hob
sub-generic.sty"
Package: hobsub-generic 2016/05/16 v1.14 Bundle oberdiek, subset generic (HO)
Package: hobsub 2016/05/16 v1.14 Construct package bundles (HO)
Package hobsub Info: Skipping package `infwarerr' (already loaded).
Package hobsub Info: Skipping package `ltxcmds' (already loaded).
Package hobsub Info: Skipping package `ifluatex' (already loaded).
Package hobsub Info: Skipping package `ifvtex' (already loaded).
Package: intcalc 2016/05/16 v1.2 Expandable calculations with integers (HO)
Package hobsub Info: Skipping package `ifpdf' (already loaded).
Package hobsub Info: Skipping package `etexcmds' (already loaded).
Package hobsub Info: Skipping package `kvsetkeys' (already loaded).
Package: kvdefinekeys 2016/05/16 v1.4 Define keys (HO)
Package hobsub Info: Skipping package `pdftexcmds' (already loaded).
Package hobsub Info: Skipping package `pdfescape' (already loaded).
Package: bigintcalc 2016/05/16 v1.4 Expandable calculations on big integers (HO
)
Package: bitset 2016/05/16 v1.2 Handle bit-vector datatype (HO)
Package: uniquecounter 2016/05/16 v1.3 Provide unlimited unique counter (HO)
)
Package hobsub Info: Skipping package `hobsub' (already loaded).
Package hobsub Info: Skipping package `letltxmacro' (already loaded).
Package: hopatch 2016/05/16 v1.3 Wrapper for package hooks (HO)
Package: xcolor-patch 2016/05/16 xcolor patch
Package: atveryend 2016/05/16 v1.9 Hooks at the very end of document (HO)
Package: atbegshi 2016/06/09 v1.18 At begin shipout hook (HO)
Package: refcount 2016/05/16 v3.5 Data extraction from label references (HO)
Package: hycolor 2016/05/16 v1.8 Color options for hyperref/bookmark (HO)
)
("C:\Users\Sebastian\AppData\Local\Programs\MiKTeX 2.9\tex\latex\oberdiek\auxho
ok.sty"
Package: auxhook 2016/05/16 v1.4 Hooks for auxiliary files (HO)
)
\@linkdim=\dimen312
\Hy@linkcounter=\count378
\Hy@pagecounter=\count379

("C:\Users\Sebastian\AppData\Local\Programs\MiKTeX 2.9\tex\latex\hyperref\pd1en
c.def"
File: pd1enc.def 2018/02/06 v6.86b Hyperref: PDFDocEncoding definition (HO)
Now handling font encoding PD1 ...
... no UTF-8 mapping file for font encoding PD1
)
\Hy@SavedSpaceFactor=\count380

("C:\Users\Sebastian\AppData\Local\Programs\MiKTeX 2.9\tex\latex\00miktex\hyper
ref.cfg"
File: hyperref.cfg 2002/06/06 v1.2 hyperref configuration of TeXLive
)
Package hyperref Info: Option `draft' set `true' on input line 4383.
Package hyperref Info: Hyper figures OFF on input line 4509.
Package hyperref Info: Link nesting OFF on input line 4514.
Package hyperref Info: Hyper index ON on input line 4517.
Package hyperref Info: Plain pages OFF on input line 4524.
Package hyperref Info: Backreferencing OFF on input line 4529.
Package hyperref Info: Implicit mode ON; LaTeX internals redefined.
Package hyperref Info: Bookmarks ON on input line 4762.
\c@Hy@tempcnt=\count381

("C:\Users\Sebastian\AppData\Local\Programs\MiKTeX 2.9\tex\latex\url\url.sty"
\Urlmuskip=\muskip17
Package: url 2013/09/16  ver 3.4  Verb mode for urls, etc.
)
LaTeX Info: Redefining \url on input line 5115.
\XeTeXLinkMargin=\dimen313
\Fld@menulength=\count382
\Field@Width=\dimen314
\Fld@charsize=\dimen315
Package hyperref Info: Hyper figures OFF on input line 6369.
Package hyperref Info: Link nesting OFF on input line 6374.
Package hyperref Info: Hyper index ON on input line 6377.
Package hyperref Info: backreferencing OFF on input line 6384.
Package hyperref Info: Link coloring OFF on input line 6389.
Package hyperref Info: Link coloring with OCG OFF on input line 6394.
Package hyperref Info: PDF/A mode OFF on input line 6399.
LaTeX Info: Redefining \ref on input line 6439.
LaTeX Info: Redefining \pageref on input line 6443.
\Hy@abspage=\count383
\c@Item=\count384
\c@Hfootnote=\count385
)
Package hyperref Info: Driver (autodetected): hpdftex.

("C:\Users\Sebastian\AppData\Local\Programs\MiKTeX 2.9\tex\latex\hyperref\hpdft
ex.def"
File: hpdftex.def 2018/02/06 v6.86b Hyperref driver for pdfTeX
\Fld@listcount=\count386
\c@bookmark@seq@number=\count387

("C:\Users\Sebastian\AppData\Local\Programs\MiKTeX 2.9\tex\latex\oberdiek\rerun
filecheck.sty"
Package: rerunfilecheck 2016/05/16 v1.8 Rerun checks for auxiliary files (HO)
Package uniquecounter Info: New unique counter `rerunfilecheck' on input line 2
82.
)
\Hy@SectionHShift=\skip110
)
Package hyperref Info: Option `bookmarksopen' set `true' on input line 74.
Package hyperref Info: Option `plainpages' set `false' on input line 74.
Package hyperref Info: Option `colorlinks' set `true' on input line 74.
)
("C:\Users\Sebastian\AppData\Local\Programs\MiKTeX 2.9\tex\latex\biblatex\bibla
tex.sty"
Package: biblatex 2018/03/04 v3.11 programmable bibliographies (PK/MW)

("C:\Users\Sebastian\AppData\Local\Programs\MiKTeX 2.9\tex\latex\logreq\logreq.
sty"
Package: logreq 2010/08/04 v1.0 xml request logger
\lrq@indent=\count388

("C:\Users\Sebastian\AppData\Local\Programs\MiKTeX 2.9\tex\latex\logreq\logreq.
def"
File: logreq.def 2010/08/04 v1.0 logreq spec v1.0
))
\c@tabx@nest=\count389
\c@listtotal=\count390
\c@listcount=\count391
\c@liststart=\count392
\c@liststop=\count393
\c@citecount=\count394
\c@citetotal=\count395
\c@multicitecount=\count396
\c@multicitetotal=\count397
\c@instcount=\count398
\c@maxnames=\count399
\c@minnames=\count400
\c@maxitems=\count401
\c@minitems=\count402
\c@citecounter=\count403
\c@savedcitecounter=\count404
\c@uniquelist=\count405
\c@uniquename=\count406
\c@refsection=\count407
\c@refsegment=\count408
\c@maxextratitle=\count409
\c@maxextratitleyear=\count410
\c@maxextradate=\count411
\c@maxextraalpha=\count412
\c@abbrvpenalty=\count413
\c@highnamepenalty=\count414
\c@lownamepenalty=\count415
\c@maxparens=\count416
\c@parenlevel=\count417
\blx@tempcnta=\count418
\blx@tempcntb=\count419
\blx@tempcntc=\count420
\blx@maxsection=\count421
\blx@maxsegment@0=\count422
\blx@notetype=\count423
\blx@parenlevel@text=\count424
\blx@parenlevel@foot=\count425
\blx@sectionciteorder@0=\count426
\labelnumberwidth=\skip111
\labelalphawidth=\skip112
\biblabelsep=\skip113
\bibitemsep=\skip114
\bibnamesep=\skip115
\bibinitsep=\skip116
\bibparsep=\skip117
\bibhang=\skip118
\blx@bcfin=\read5
\blx@bcfout=\write8
\c@mincomprange=\count427
\c@maxcomprange=\count428
\c@mincompwidth=\count429
Package biblatex Info: Trying to load biblatex default data model...
Package biblatex Info: ... file 'blx-dm.def' found.

("C:\Users\Sebastian\AppData\Local\Programs\MiKTeX 2.9\tex\latex\biblatex\blx-d
m.def"
File: blx-dm.def 2018/03/04 v3.11 biblatex localization (PK/MW)
)
Package biblatex Info: Trying to load biblatex style data model...
Package biblatex Info: ... file 'authoryear.dbx' not found.
Package biblatex Info: Trying to load biblatex custom data model...
Package biblatex Info: ... file 'biblatex-dm.cfg' not found.
\c@afterword=\count430
\c@savedafterword=\count431
\c@annotator=\count432
\c@savedannotator=\count433
\c@author=\count434
\c@savedauthor=\count435
\c@bookauthor=\count436
\c@savedbookauthor=\count437
\c@commentator=\count438
\c@savedcommentator=\count439
\c@editor=\count440
\c@savededitor=\count441
\c@editora=\count442
\c@savededitora=\count443
\c@editorb=\count444
\c@savededitorb=\count445
\c@editorc=\count446
\c@savededitorc=\count447
\c@foreword=\count448
\c@savedforeword=\count449
\c@holder=\count450
\c@savedholder=\count451
\c@introduction=\count452
\c@savedintroduction=\count453
\c@namea=\count454
\c@savednamea=\count455
\c@nameb=\count456
\c@savednameb=\count457
\c@namec=\count458
\c@savednamec=\count459
\c@translator=\count460
\c@savedtranslator=\count461
\c@shortauthor=\count462
\c@savedshortauthor=\count463
\c@shorteditor=\count464
\c@savedshorteditor=\count465
\c@labelname=\count466
\c@savedlabelname=\count467
\c@institution=\count468
\c@savedinstitution=\count469
\c@lista=\count470
\c@savedlista=\count471
\c@listb=\count472
\c@savedlistb=\count473
\c@listc=\count474
\c@savedlistc=\count475
\c@listd=\count476
\c@savedlistd=\count477
\c@liste=\count478
\c@savedliste=\count479
\c@listf=\count480
\c@savedlistf=\count481
\c@location=\count482
\c@savedlocation=\count483
\c@organization=\count484
\c@savedorganization=\count485
\c@origlocation=\count486
\c@savedoriglocation=\count487
\c@origpublisher=\count488
\c@savedorigpublisher=\count489
\c@publisher=\count490
\c@savedpublisher=\count491
\c@language=\count492
\c@savedlanguage=\count493
\c@origlanguage=\count494
\c@savedoriglanguage=\count495
\c@pageref=\count496
\c@savedpageref=\count497
\shorthandwidth=\skip119
\shortjournalwidth=\skip120
\shortserieswidth=\skip121
\shorttitlewidth=\skip122
\shortauthorwidth=\skip123
\shorteditorwidth=\skip124
\locallabelnumberwidth=\skip125
\locallabelalphawidth=\skip126
\localshorthandwidth=\skip127
\localshortjournalwidth=\skip128
\localshortserieswidth=\skip129
\localshorttitlewidth=\skip130
\localshortauthorwidth=\skip131
\localshorteditorwidth=\skip132
Package biblatex Info: Trying to load compatibility code...
Package biblatex Info: ... file 'blx-compat.def' found.

("C:\Users\Sebastian\AppData\Local\Programs\MiKTeX 2.9\tex\latex\biblatex\blx-c
ompat.def"
File: blx-compat.def 2018/03/04 v3.11 biblatex compatibility (PK/MW)
)
Package biblatex Info: Trying to load generic definitions...
Package biblatex Info: ... file 'biblatex.def' found.

("C:\Users\Sebastian\AppData\Local\Programs\MiKTeX 2.9\tex\latex\biblatex\bibla
tex.def"
File: biblatex.def 2018/03/04 v3.11 biblatex compatibility (PK/MW)
\c@textcitecount=\count498
\c@textcitetotal=\count499
\c@textcitemaxnames=\count500
\c@biburlnumpenalty=\count501
\c@biburlucpenalty=\count502
\c@biburllcpenalty=\count503
\c@smartand=\count504
)
Package biblatex Info: Trying to load natbib compatibility...
Package biblatex Info: ... file 'blx-natbib.def' found.

("C:\Users\Sebastian\AppData\Local\Programs\MiKTeX 2.9\tex\latex\biblatex\blx-n
atbib.def"
File: blx-natbib.def 2018/03/04 v3.11 biblatex compatibility (PK/MW)
)
Package biblatex Info: Trying to load bibliography style 'numeric'...
Package biblatex Info: ... file 'numeric.bbx' found.

("C:\Users\Sebastian\AppData\Local\Programs\MiKTeX 2.9\tex\latex\biblatex\bbx\n
umeric.bbx"
File: numeric.bbx 2018/03/04 v3.11 biblatex bibliography style (PK/MW)
Package biblatex Info: Trying to load bibliography style 'standard'...
Package biblatex Info: ... file 'standard.bbx' found.

("C:\Users\Sebastian\AppData\Local\Programs\MiKTeX 2.9\tex\latex\biblatex\bbx\s
tandard.bbx"
File: standard.bbx 2018/03/04 v3.11 biblatex bibliography style (PK/MW)
\c@bbx:relatedcount=\count505
\c@bbx:relatedtotal=\count506
))
Package biblatex Info: Trying to load citation style 'authoryear'...
Package biblatex Info: ... file 'authoryear.cbx' found.

("C:\Users\Sebastian\AppData\Local\Programs\MiKTeX 2.9\tex\latex\biblatex\cbx\a
uthoryear.cbx"
File: authoryear.cbx 2018/03/04 v3.11 biblatex citation style (PK/MW)
Package biblatex Info: Redefining '\cite'.
Package biblatex Info: Redefining '\parencite'.
Package biblatex Info: Redefining '\footcite'.
Package biblatex Info: Redefining '\footcitetext'.
Package biblatex Info: Redefining '\smartcite'.
Package biblatex Info: Redefining '\textcite'.
Package biblatex Info: Redefining '\textcites'.
)
Package biblatex Info: Trying to load configuration file...
Package biblatex Info: ... file 'biblatex.cfg' found.

("C:\Users\Sebastian\AppData\Local\Programs\MiKTeX 2.9\tex\latex\biblatex\bibla
tex.cfg"
File: biblatex.cfg 
)) (_preamble/graphic_packages.tex
("C:\Users\Sebastian\AppData\Local\Programs\MiKTeX 2.9\tex\latex\forest\forest.
sty"
Package: forest 2017/07/14 v2.1.5 Drawing (linguistic) trees

("C:\Users\Sebastian\AppData\Local\Programs\MiKTeX 2.9\tex\generic\pgf\frontend
layer\tikz\libraries\tikzlibraryshapes.code.tex"
File: tikzlibraryshapes.code.tex 2008/01/09 v3.0.1a (rcs-revision 1.1)

("C:\Users\Sebastian\AppData\Local\Programs\MiKTeX 2.9\tex\generic\pgf\frontend
layer\tikz\libraries\tikzlibraryshapes.geometric.code.tex"
File: tikzlibraryshapes.geometric.code.tex 2008/01/09 v3.0.1a (rcs-revision 1.1
)

("C:\Users\Sebastian\AppData\Local\Programs\MiKTeX 2.9\tex\generic\pgf\librarie
s\shapes\pgflibraryshapes.geometric.code.tex"
File: pgflibraryshapes.geometric.code.tex 2008/06/26 v3.0.1a (rcs-revision 1.1)

))
("C:\Users\Sebastian\AppData\Local\Programs\MiKTeX 2.9\tex\generic\pgf\frontend
layer\tikz\libraries\tikzlibraryshapes.misc.code.tex"
File: tikzlibraryshapes.misc.code.tex 2008/01/09 v3.0.1a (rcs-revision 1.1)

("C:\Users\Sebastian\AppData\Local\Programs\MiKTeX 2.9\tex\generic\pgf\librarie
s\shapes\pgflibraryshapes.misc.code.tex"
File: pgflibraryshapes.misc.code.tex 2013/07/18 v3.0.1a (rcs-revision 1.5)
))
("C:\Users\Sebastian\AppData\Local\Programs\MiKTeX 2.9\tex\generic\pgf\frontend
layer\tikz\libraries\tikzlibraryshapes.symbols.code.tex"
File: tikzlibraryshapes.symbols.code.tex 2008/01/09 v3.0.1a (rcs-revision 1.1)

("C:\Users\Sebastian\AppData\Local\Programs\MiKTeX 2.9\tex\generic\pgf\librarie
s\shapes\pgflibraryshapes.symbols.code.tex"
File: pgflibraryshapes.symbols.code.tex 2013/09/11 v3.0.1a (rcs-revision 1.6)
))
("C:\Users\Sebastian\AppData\Local\Programs\MiKTeX 2.9\tex\generic\pgf\frontend
layer\tikz\libraries\tikzlibraryshapes.arrows.code.tex"
File: tikzlibraryshapes.arrows.code.tex 2008/01/09 v3.0.1a (rcs-revision 1.1)

("C:\Users\Sebastian\AppData\Local\Programs\MiKTeX 2.9\tex\generic\pgf\librarie
s\shapes\pgflibraryshapes.arrows.code.tex"
File: pgflibraryshapes.arrows.code.tex 2008/06/26 v3.0.1a (rcs-revision 1.1)
))
("C:\Users\Sebastian\AppData\Local\Programs\MiKTeX 2.9\tex\generic\pgf\frontend
layer\tikz\libraries\tikzlibraryshapes.callouts.code.tex"
("C:\Users\Sebastian\AppData\Local\Programs\MiKTeX 2.9\tex\generic\pgf\librarie
s\shapes\pgflibraryshapes.callouts.code.tex"))
("C:\Users\Sebastian\AppData\Local\Programs\MiKTeX 2.9\tex\generic\pgf\frontend
layer\tikz\libraries\tikzlibraryshapes.multipart.code.tex"
File: tikzlibraryshapes.multipart.code.tex 2008/01/09 v3.0.1a (rcs-revision 1.1
)

("C:\Users\Sebastian\AppData\Local\Programs\MiKTeX 2.9\tex\generic\pgf\librarie
s\shapes\pgflibraryshapes.multipart.code.tex"
File: pgflibraryshapes.multipart.code.tex 2010/01/07 v3.0.1a (rcs-revision 1.2)

\pgfnodepartlowerbox=\box81
\pgfnodeparttwobox=\box82
\pgfnodepartthreebox=\box83
\pgfnodepartfourbox=\box84
\pgfnodeparttwentybox=\box85
\pgfnodepartnineteenbox=\box86
\pgfnodeparteighteenbox=\box87
\pgfnodepartseventeenbox=\box88
\pgfnodepartsixteenbox=\box89
\pgfnodepartfifteenbox=\box90
\pgfnodepartfourteenbox=\box91
\pgfnodepartthirteenbox=\box92
\pgfnodeparttwelvebox=\box93
\pgfnodepartelevenbox=\box94
\pgfnodeparttenbox=\box95
\pgfnodepartninebox=\box96
\pgfnodeparteightbox=\box97
\pgfnodepartsevenbox=\box98
\pgfnodepartsixbox=\box99
\pgfnodepartfivebox=\box100
)))
("C:\Users\Sebastian\AppData\Local\Programs\MiKTeX 2.9\tex\generic\pgf\frontend
layer\tikz\libraries\tikzlibraryfit.code.tex"
File: tikzlibraryfit.code.tex 2013/07/12 v3.0.1a (rcs-revision 1.5)
)
("C:\Users\Sebastian\AppData\Local\Programs\MiKTeX 2.9\tex\generic\pgf\frontend
layer\tikz\libraries\tikzlibrarycalc.code.tex"
File: tikzlibrarycalc.code.tex 2013/07/15 v3.0.1a (rcs-revision 1.9)
)
("C:\Users\Sebastian\AppData\Local\Programs\MiKTeX 2.9\tex\generic\pgf\librarie
s\pgflibraryintersections.code.tex"
("C:\Users\Sebastian\AppData\Local\Programs\MiKTeX 2.9\tex\generic\pgf\librarie
s\pgflibraryfpu.code.tex")
\pgf@intersect@solutions=\count507
)
("C:\Users\Sebastian\AppData\Local\Programs\MiKTeX 2.9\tex\latex\pgfopts\pgfopt
s.sty"
Package: pgfopts 2014/07/10 v2.1a LaTeX package options with pgfkeys
\pgfopts@list@add@a@toks=\toks60
\pgfopts@list@add@b@toks=\toks61
)
("C:\Users\Sebastian\AppData\Local\Programs\MiKTeX 2.9\tex\latex\elocalloc\eloc
alloc.sty"
Package: elocalloc 2016/12/15 v0.03 local allocation for LaTeX 2015+ (DPC)
)
("C:\Users\Sebastian\AppData\Local\Programs\MiKTeX 2.9\tex\latex\inlinedef\inli
nedef.sty"
Package: inlinedef 2008/07/10 v1.0 Inlined expansions within definitions
\ID@toks=\toks62
\ID@count=\count508
)
\ID@usercommands=\toks63
.................................................
. LaTeX info: "xparse/define-command"
. 
. Defining command \useforestlibrary with sig. 's O{} m' on line 166.
.................................................
.................................................
. LaTeX info: "xparse/define-command"
. 
. Defining command \ProvidesForestLibrary with sig. 'm O{}' on line 176.
.................................................
\safeloop@depth=\count509
\safeRKloop@depth=\count510
\forest@temp@dimen=\dimen316
\forest@temp@count=\count511
\forest@n=\count512
\forest@temp@global@count=\count513
\forest@temp@toks=\toks64
\forest@temparray@M=\count514
\forest@temparray@N=\count515
\forest@global@temparray@M=\count516
\forest@global@temparray@N=\count517
\forest@isnum@count=\count518
\forest@isdim@nonintpart=\count519
\forest@isdim@dimen=\dimen317
\forest@sort@m=\count520
\forest@sort@k=\count521
\forest@sort@p=\count522
\bracket@content=\toks65
\bracket@afterthought=\toks66
\forest@node@maxid=\count523
.................................................
. LaTeX info: "xparse/define-command"
. 
. Defining command \forestdebugtypeouttrees with sig. 'o' on line 2303.
.................................................
.................................................
. LaTeX info: "xparse/define-command"
. 
. Defining command \forestdebugtypeouttree with sig. 'd() O{\forest@cn }' on
. line 2348.
.................................................
\forest@process@left@M=\count524
\forest@process@left@N=\count525
\forest@process@right@M=\count526
\forest@process@right@N=\count527
\forest@process@saved@M=\count528
\forest@process@saved@N=\count529
\forest@process@result@M=\count530
\forest@process@result@N=\count531
\forest@process@n=\count532
\forest@nodewalk@branch@toks=\toks67
\forest@nodewalk@shortsteps@resolution=\toks68
\forest@do@dynamics=\toks69
\forest@box=\box101
\forest@xg=\dimen318
\forest@yg=\dimen319
\forest@xs=\dimen320
\forest@ys=\dimen321
\forest@pi@toks=\toks70
\forest@segment@toks=\toks71
\forest@PIi@toks=\toks72
\forest@PIii@toks=\toks73
\forest@copy@in=\read6
\forest@copy@out=\write9
.................................................
. LaTeX info: "xparse/define-environment"
. 
. Defining environment 'forest' with sig. 'D(){}' on line 8510.
.................................................
.................................................
. LaTeX info: "xparse/define-command"
. 
. Defining command \Forest with sig. 's D(){} m' on line 8515.
.................................................
\forest@externalize@max@outer@n=\count533
\forest@externalize@inner@n=\count534
)
("C:\Users\Sebastian\AppData\Local\Programs\MiKTeX 2.9\tex\latex\forest\forest-
lib-edges.sty"
Package: forest-lib-edges 2016/12/05 v0.1.1
)
("C:\Users\Sebastian\AppData\Local\Programs\MiKTeX 2.9\tex\latex\venndiagram\ve
nndiagram.sty"
Package: venndiagram 2018/06/07 v1.2 (NLCT) Venn diagrams
\@venn@Ax=\skip133
\@venn@Ay=\skip134
\@venn@Bx=\skip135
\@venn@By=\skip136
\@venn@Cx=\skip137
\@venn@Cy=\skip138
\@venn@w=\skip139
\@venn@h=\skip140
\@venn@intersect@i@x=\skip141
\@venn@intersect@i@y=\skip142
\@venn@intersect@ii@x=\skip143
\@venn@intersect@ii@y=\skip144
)
("C:\Users\Sebastian\AppData\Local\Programs\MiKTeX 2.9\tex\latex\tikz-cd\tikz-c
d.sty"
Package: tikz-cd 2014/10/30 v0.9e Commutative diagrams with tikz

("C:\Users\Sebastian\AppData\Local\Programs\MiKTeX 2.9\tex\generic\tikz-cd\tikz
librarycd.code.tex"
("C:\Users\Sebastian\AppData\Local\Programs\MiKTeX 2.9\tex\generic\pgf\frontend
layer\tikz\libraries\tikzlibrarymatrix.code.tex"
File: tikzlibrarymatrix.code.tex 2013/07/12 v3.0.1a (rcs-revision 1.4)
)
("C:\Users\Sebastian\AppData\Local\Programs\MiKTeX 2.9\tex\generic\pgf\frontend
layer\tikz\libraries\tikzlibraryquotes.code.tex"
File: tikzlibraryquotes.code.tex 2014/03/21 v3.0.1a (rcs-revision 1.4)
)
("C:\Users\Sebastian\AppData\Local\Programs\MiKTeX 2.9\tex\generic\pgf\librarie
s\pgflibraryarrows.meta.code.tex"
File: pgflibraryarrows.meta.code.tex 2015/05/13 v3.0.1a (rcs-revision 1.13)
\pgfarrowinset=\dimen322
\pgfarrowlength=\dimen323
\pgfarrowwidth=\dimen324
\pgfarrowlinewidth=\dimen325
)))
("C:\Users\Sebastian\AppData\Local\Programs\MiKTeX 2.9\tex\latex\pgfplots\pgfpl
ots.sty"
("C:\Users\Sebastian\AppData\Local\Programs\MiKTeX 2.9\tex\generic\pgfplots\pgf
plots.revision.tex")
Package: pgfplots 2018/03/28 v1.16 Data Visualization (1.16)

("C:\Users\Sebastian\AppData\Local\Programs\MiKTeX 2.9\tex\generic\pgfplots\pgf
plots.code.tex"
("C:\Users\Sebastian\AppData\Local\Programs\MiKTeX 2.9\tex\generic\pgfplots\pgf
plotscore.code.tex"
\t@pgfplots@toka=\toks74
\t@pgfplots@tokb=\toks75
\t@pgfplots@tokc=\toks76
\pgfplots@tmpa=\dimen326
\c@pgfplots@coordindex=\count535
\c@pgfplots@scanlineindex=\count536

("C:\Users\Sebastian\AppData\Local\Programs\MiKTeX 2.9\tex\generic\pgfplots\sys
\pgfplotssysgeneric.code.tex"))
("C:\Users\Sebastian\AppData\Local\Programs\MiKTeX 2.9\tex\generic\pgfplots\lib
s\pgfplotslibrary.code.tex")
("C:\Users\Sebastian\AppData\Local\Programs\MiKTeX 2.9\tex\generic\pgfplots\old
pgfcompatib\pgfplotsoldpgfsupp_loader.code.tex"
Package pgfplots: loading complementary arithmetics for your pgf version...

("C:\Users\Sebastian\AppData\Local\Programs\MiKTeX 2.9\tex\generic\pgfplots\old
pgfcompatib\pgfplotsoldpgfsupp_pgflibraryfpu.code.tex")
("C:\Users\Sebastian\AppData\Local\Programs\MiKTeX 2.9\tex\generic\pgfplots\old
pgfcompatib\pgfplotsoldpgfsupp_pgfmathfloat.code.tex"
\c@pgfmathroundto@lastzeros=\count537
)
("C:\Users\Sebastian\AppData\Local\Programs\MiKTeX 2.9\tex\generic\pgfplots\old
pgfcompatib\pgfplotsoldpgfsupp_leq.code.tex"))
("C:\Users\Sebastian\AppData\Local\Programs\MiKTeX 2.9\tex\generic\pgfplots\uti
l\pgfplotsutil.code.tex"
("C:\Users\Sebastian\AppData\Local\Programs\MiKTeX 2.9\tex\generic\pgfplots\lis
tstructure\pgfplotsliststructure.code.tex")
("C:\Users\Sebastian\AppData\Local\Programs\MiKTeX 2.9\tex\generic\pgfplots\lis
tstructure\pgfplotsliststructureext.code.tex")
("C:\Users\Sebastian\AppData\Local\Programs\MiKTeX 2.9\tex\generic\pgfplots\lis
tstructure\pgfplotsarray.code.tex"
\c@pgfplotsarray@tmp=\count538
)
("C:\Users\Sebastian\AppData\Local\Programs\MiKTeX 2.9\tex\generic\pgfplots\lis
tstructure\pgfplotsmatrix.code.tex")
("C:\Users\Sebastian\AppData\Local\Programs\MiKTeX 2.9\tex\generic\pgfplots\num
table\pgfplotstableshared.code.tex"
\c@pgfplotstable@counta=\count539
\t@pgfplotstable@a=\toks77
)
("C:\Users\Sebastian\AppData\Local\Programs\MiKTeX 2.9\tex\generic\pgfplots\lis
tstructure\pgfplotsdeque.code.tex")
("C:\Users\Sebastian\AppData\Local\Programs\MiKTeX 2.9\tex\generic\pgfplots\uti
l\pgfplotsbinary.code.tex"
("C:\Users\Sebastian\AppData\Local\Programs\MiKTeX 2.9\tex\generic\pgfplots\uti
l\pgfplotsbinary.data.code.tex"))
("C:\Users\Sebastian\AppData\Local\Programs\MiKTeX 2.9\tex\generic\pgfplots\uti
l\pgfplotsutil.verb.code.tex")
("C:\Users\Sebastian\AppData\Local\Programs\MiKTeX 2.9\tex\generic\pgfplots\lib
s\pgflibrarypgfplots.surfshading.code.tex"
\c@pgfplotslibrarysurf@no=\count540

("C:\Users\Sebastian\AppData\Local\Programs\MiKTeX 2.9\tex\generic\pgfplots\sys
\pgflibrarypgfplots.surfshading.pgfsys-pdftex.def")))
("C:\Users\Sebastian\AppData\Local\Programs\MiKTeX 2.9\tex\generic\pgfplots\uti
l\pgfplotscolormap.code.tex"
("C:\Users\Sebastian\AppData\Local\Programs\MiKTeX 2.9\tex\generic\pgfplots\uti
l\pgfplotscolor.code.tex"))
("C:\Users\Sebastian\AppData\Local\Programs\MiKTeX 2.9\tex\generic\pgfplots\pgf
plotsstackedplots.code.tex")
("C:\Users\Sebastian\AppData\Local\Programs\MiKTeX 2.9\tex\generic\pgfplots\pgf
plotsplothandlers.code.tex"
("C:\Users\Sebastian\AppData\Local\Programs\MiKTeX 2.9\tex\generic\pgfplots\pgf
plotsmeshplothandler.code.tex"
("C:\Users\Sebastian\AppData\Local\Programs\MiKTeX 2.9\tex\generic\pgfplots\pgf
plotsmeshplotimage.code.tex")))
("C:\Users\Sebastian\AppData\Local\Programs\MiKTeX 2.9\tex\generic\pgfplots\pgf
plots.scaling.code.tex")
("C:\Users\Sebastian\AppData\Local\Programs\MiKTeX 2.9\tex\generic\pgfplots\pgf
plotscoordprocessing.code.tex")
("C:\Users\Sebastian\AppData\Local\Programs\MiKTeX 2.9\tex\generic\pgfplots\pgf
plots.errorbars.code.tex")
("C:\Users\Sebastian\AppData\Local\Programs\MiKTeX 2.9\tex\generic\pgfplots\pgf
plots.markers.code.tex")
("C:\Users\Sebastian\AppData\Local\Programs\MiKTeX 2.9\tex\generic\pgfplots\pgf
plotsticks.code.tex")
("C:\Users\Sebastian\AppData\Local\Programs\MiKTeX 2.9\tex\generic\pgfplots\pgf
plots.paths.code.tex")
("C:\Users\Sebastian\AppData\Local\Programs\MiKTeX 2.9\tex\generic\pgf\frontend
layer\tikz\libraries\tikzlibrarydecorations.code.tex"
("C:\Users\Sebastian\AppData\Local\Programs\MiKTeX 2.9\tex\generic\pgf\modules\
pgfmoduledecorations.code.tex"
\pgfdecoratedcompleteddistance=\dimen327
\pgfdecoratedremainingdistance=\dimen328
\pgfdecoratedinputsegmentcompleteddistance=\dimen329
\pgfdecoratedinputsegmentremainingdistance=\dimen330
\pgf@decorate@distancetomove=\dimen331
\pgf@decorate@repeatstate=\count541
\pgfdecorationsegmentamplitude=\dimen332
\pgfdecorationsegmentlength=\dimen333
)
\tikz@lib@dec@box=\box102
)
("C:\Users\Sebastian\AppData\Local\Programs\MiKTeX 2.9\tex\generic\pgf\frontend
layer\tikz\libraries\tikzlibrarydecorations.pathmorphing.code.tex"
("C:\Users\Sebastian\AppData\Local\Programs\MiKTeX 2.9\tex\generic\pgf\librarie
s\decorations\pgflibrarydecorations.pathmorphing.code.tex"))
("C:\Users\Sebastian\AppData\Local\Programs\MiKTeX 2.9\tex\generic\pgf\frontend
layer\tikz\libraries\tikzlibrarydecorations.pathreplacing.code.tex"
("C:\Users\Sebastian\AppData\Local\Programs\MiKTeX 2.9\tex\generic\pgf\librarie
s\decorations\pgflibrarydecorations.pathreplacing.code.tex"))
\pgfplots@numplots=\count542
\pgfplots@xmin@reg=\dimen334
\pgfplots@xmax@reg=\dimen335
\pgfplots@ymin@reg=\dimen336
\pgfplots@ymax@reg=\dimen337
\pgfplots@zmin@reg=\dimen338
\pgfplots@zmax@reg=\dimen339
)
("C:\Users\Sebastian\AppData\Local\Programs\MiKTeX 2.9\tex\generic\pgf\frontend
layer\tikz\libraries\tikzlibraryplotmarks.code.tex"
File: tikzlibraryplotmarks.code.tex 2008/01/09 v3.0.1a (rcs-revision 1.1)

("C:\Users\Sebastian\AppData\Local\Programs\MiKTeX 2.9\tex\generic\pgf\librarie
s\pgflibraryplotmarks.code.tex"
File: pgflibraryplotmarks.code.tex 2015/08/03 v3.0.1a (rcs-revision 1.14)
)))
("C:\Users\Sebastian\AppData\Local\Programs\MiKTeX 2.9\tex\latex\pgfplots\pgfpl
otstable.sty"
("C:\Users\Sebastian\AppData\Local\Programs\MiKTeX 2.9\tex\generic\pgfplots\pgf
plots.revision.tex")
Package: pgfplotstable 2018/03/28 v1.16 Table typesetting and Pretty-printing (
1.16)

("C:\Users\Sebastian\AppData\Local\Programs\MiKTeX 2.9\tex\generic\pgfplots\num
table\pgfplotstable.code.tex"
("C:\Users\Sebastian\AppData\Local\Programs\MiKTeX 2.9\tex\generic\pgfplots\num
table\pgfplotstable.coltype.code.tex")))
("C:\Users\Sebastian\AppData\Local\Programs\MiKTeX 2.9\tex\latex\pgf\utilities\
pgfcalendar.sty"
("C:\Users\Sebastian\AppData\Local\Programs\MiKTeX 2.9\tex\generic\pgf\utilitie
s\pgfcalendar.code.tex"
File: pgfcalendar.code.tex 2007/07/23 v3.0.1a (rcs-revision 1.11)
\pgfcalendarcurrentjulian=\count543
))
("C:\Users\Sebastian\AppData\Local\Programs\MiKTeX 2.9\tex\generic\pgfplots\lib
s\tikzlibrarypgfplots.dateplot.code.tex")
("C:\Users\Sebastian\AppData\Local\Programs\MiKTeX 2.9\tex\generic\pgfplots\lib
s\tikzlibrarypgfplots.units.code.tex")) (_preamble/tikz_library.tex
("C:\Users\Sebastian\AppData\Local\Programs\MiKTeX 2.9\tex\generic\pgf\frontend
layer\tikz\libraries\tikzlibraryarrows.code.tex"
File: tikzlibraryarrows.code.tex 2008/01/09 v3.0.1a (rcs-revision 1.1)

("C:\Users\Sebastian\AppData\Local\Programs\MiKTeX 2.9\tex\generic\pgf\librarie
s\pgflibraryarrows.code.tex"
File: pgflibraryarrows.code.tex 2013/09/23 v3.0.1a (rcs-revision 1.16)
\arrowsize=\dimen340
))
("C:\Users\Sebastian\AppData\Local\Programs\MiKTeX 2.9\tex\generic\pgf\frontend
layer\tikz\libraries\tikzlibrarydecorations.markings.code.tex"
("C:\Users\Sebastian\AppData\Local\Programs\MiKTeX 2.9\tex\generic\pgf\librarie
s\decorations\pgflibrarydecorations.markings.code.tex"))
("C:\Users\Sebastian\AppData\Local\Programs\MiKTeX 2.9\tex\generic\pgf\frontend
layer\tikz\libraries\tikzlibrarybackgrounds.code.tex"
File: tikzlibrarybackgrounds.code.tex 2013/07/18 v3.0.1a (rcs-revision 1.3)
\pgf@layerbox@background=\box103
\pgf@layerboxsaved@background=\box104
)
("C:\Users\Sebastian\AppData\Local\Programs\MiKTeX 2.9\tex\generic\pgf\frontend
layer\tikz\libraries\tikzlibraryshadings.code.tex"
File: tikzlibraryshadings.code.tex 2008/10/29 v3.0.1a (rcs-revision 1.1)

("C:\Users\Sebastian\AppData\Local\Programs\MiKTeX 2.9\tex\generic\pgf\librarie
s\pgflibraryshadings.code.tex"
File: pgflibraryshadings.code.tex 2008/10/29 v3.0.1a (rcs-revision 1.2)
))
("C:\Users\Sebastian\AppData\Local\Programs\MiKTeX 2.9\tex\generic\pgf\frontend
layer\tikz\libraries\tikzlibraryshadows.code.tex"
File: tikzlibraryshadows.code.tex 2008/01/13 v3.0.1a (rcs-revision 1.3)
)
("C:\Users\Sebastian\AppData\Local\Programs\MiKTeX 2.9\tex\generic\pgf\frontend
layer\tikz\libraries\tikzlibrarypositioning.code.tex"
File: tikzlibrarypositioning.code.tex 2008/10/06 v3.0.1a (rcs-revision 1.7)
)
("C:\Users\Sebastian\AppData\Local\Programs\MiKTeX 2.9\tex\generic\pgf\frontend
layer\tikz\libraries\tikzlibrarymindmap.code.tex"
File: tikzlibrarymindmap.code.tex 2013/07/16 v3.0.1a (rcs-revision 1.10)

("C:\Users\Sebastian\AppData\Local\Programs\MiKTeX 2.9\tex\generic\pgf\frontend
layer\tikz\libraries\tikzlibrarytrees.code.tex"
File: tikzlibrarytrees.code.tex 2008/02/24 v3.0.1a (rcs-revision 1.2)
))
("C:\Users\Sebastian\AppData\Local\Programs\MiKTeX 2.9\tex\generic\pgf\frontend
layer\tikz\libraries\datavisualization\tikzlibrarydatavisualization.code.tex"
File: tikzlibrarydatavisualization.code.tex 2015/05/18 v3.0.1a (rcs-revision 1.
48)

("C:\Users\Sebastian\AppData\Local\Programs\MiKTeX 2.9\tex\generic\pgf\modules\
pgfmoduledatavisualization.code.tex"
File: pgfmoduledatavisualization.code.tex 2015/05/18  (rcs-revision 1.50)

("C:\Users\Sebastian\AppData\Local\Programs\MiKTeX 2.9\tex\generic\pgf\modules\
pgfmoduleoo.code.tex"
\pgfoo@objectcount=\count544
\pgfoothis@count=\count545
\pgfoo@toks=\toks78
)
\pgf@lib@dv@cache@count=\count546
\pgf@lib@dv@cache@count=\count547
)
\tikzdvvisualizercounter=\count548
))
LaTeX Font Info:    Try loading font information for OT1+lmr on input line 37.

("C:\Users\Sebastian\AppData\Local\Programs\MiKTeX 2.9\tex\latex\lm\ot1lmr.fd"
File: ot1lmr.fd 2009/10/30 v1.6 Font defs for Latin Modern
)
LaTeX Font Info:    Try loading font information for OML+lmm on input line 37.
("C:\Users\Sebastian\AppData\Local\Programs\MiKTeX 2.9\tex\latex\lm\omllmm.fd"
File: omllmm.fd 2009/10/30 v1.6 Font defs for Latin Modern
)
LaTeX Font Info:    Try loading font information for OMS+lmsy on input line 37.

("C:\Users\Sebastian\AppData\Local\Programs\MiKTeX 2.9\tex\latex\lm\omslmsy.fd"
File: omslmsy.fd 2009/10/30 v1.6 Font defs for Latin Modern
)
LaTeX Font Info:    Try loading font information for OMX+lmex on input line 37.

 ("C:\Users\Sebastian\AppData\Local\Programs\MiKTeX 2.9\tex\latex\lm\omxlmex.fd
"
File: omxlmex.fd 2009/10/30 v1.6 Font defs for Latin Modern
)
LaTeX Font Info:    External font `lmex10' loaded for size
(Font)              <10> on input line 37.
LaTeX Font Info:    External font `lmex10' loaded for size
(Font)              <7> on input line 37.
LaTeX Font Info:    External font `lmex10' loaded for size
(Font)              <5> on input line 37.
LaTeX Font Info:    Try loading font information for U+msa on input line 37.

("C:\Users\Sebastian\AppData\Local\Programs\MiKTeX 2.9\tex\latex\amsfonts\umsa.
fd"
File: umsa.fd 2013/01/14 v3.01 AMS symbols A
)
LaTeX Font Info:    Try loading font information for U+msb on input line 37.

("C:\Users\Sebastian\AppData\Local\Programs\MiKTeX 2.9\tex\latex\amsfonts\umsb.
fd"
File: umsb.fd 2013/01/14 v3.01 AMS symbols B
)
LaTeX Font Info:    Try loading font information for T1+lmtt on input line 37.

("C:\Users\Sebastian\AppData\Local\Programs\MiKTeX 2.9\tex\latex\lm\t1lmtt.fd"
File: t1lmtt.fd 2009/10/30 v1.6 Font defs for Latin Modern
)
LaTeX Font Info:    Try loading font information for T1+lmss on input line 37.
("C:\Users\Sebastian\AppData\Local\Programs\MiKTeX 2.9\tex\latex\lm\t1lmss.fd"
File: t1lmss.fd 2009/10/30 v1.6 Font defs for Latin Modern
)
LaTeX Font Info:    Try loading font information for T1+lmr on input line 37.
("C:\Users\Sebastian\AppData\Local\Programs\MiKTeX 2.9\tex\latex\lm\t1lmr.fd"
File: t1lmr.fd 2009/10/30 v1.6 Font defs for Latin Modern
) )
Beginning to dump on file preamble.fmt
 (preloaded format=preamble 2018.8.26)
77145 strings of total length 1834065
2285663 memory locations dumped; current usage is 2112&2269837
72754 multiletter control sequences
\font\nullfont=nullfont
\font\OMX/cmex/m/n/10=cmex10
\font\tenln=line10
\font\tenlnw=linew10
\font\tencirc=lcircle10
\font\tencircw=lcirclew10
\font\OT1/cmr/m/n/5=cmr5
\font\OT1/cmr/m/n/7=cmr7
\font\OT1/cmr/m/n/10=cmr10
\font\OML/cmm/m/it/5=cmmi5
\font\OML/cmm/m/it/7=cmmi7
\font\OML/cmm/m/it/10=cmmi10
\font\OMS/cmsy/m/n/5=cmsy5
\font\OMS/cmsy/m/n/7=cmsy7
\font\OMS/cmsy/m/n/10=cmsy10
\font\T1/cmr/m/n/10=ecrm1000
\font\c__fp_exp_intarray=cmr10 at 0.00002pt
\font\c__fp_trig_intarray=cmr10 at 0.00003pt
\font\g__regex_charcode_intarray=cmr10 at 0.00005pt
\font\g__regex_catcode_intarray=cmr10 at 0.00006pt
\font\g__regex_balance_intarray=cmr10 at 0.00008pt
\font\g__regex_state_active_intarray=cmr10 at 0.00009pt
\font\g__regex_thread_state_intarray=cmr10 at 0.0001pt
\font\g__regex_submatch_prev_intarray=cmr10 at 0.00012pt
\font\g__regex_submatch_begin_intarray=cmr10 at 0.00014pt
\font\g__regex_submatch_end_intarray=cmr10 at 0.00015pt
\font\OT1/lmr/m/n/10=rm-lmr10
\font\OT1/lmr/m/n/7=rm-lmr7
\font\OT1/lmr/m/n/5=rm-lmr5
\font\OML/lmm/m/it/10=lmmi10
\font\OML/lmm/m/it/7=lmmi7
\font\OML/lmm/m/it/5=lmmi5
\font\OMS/lmsy/m/n/10=lmsy10
\font\OMS/lmsy/m/n/7=lmsy7
\font\OMS/lmsy/m/n/5=lmsy5
\font\OMX/lmex/m/n/5=lmex10
\font\U/msa/m/n/10=msam10
\font\U/msa/m/n/7=msam7
\font\U/msa/m/n/5=msam5
\font\U/msb/m/n/10=msbm10
\font\U/msb/m/n/7=msbm7
\font\U/msb/m/n/5=msbm5
\font\T1/cmr/m/it/10=ecti1000
\font\T1/lmtt/m/n/10=ec-lmtt10
\font\T1/lmss/m/n/10=ec-lmss10
\font\T1/lmr/m/n/10=ec-lmr10
\font\T1/lmr/bx/n/10=ec-lmbx10
\font\T1/lmr/bx/it/10=ec-lmbxi10
\font\T1/lmr/bx/it/12=ec-lmbxi10 at 12.0pt
\font\T1/lmr/bx/it/14.4=ec-lmbxi10 at 14.4pt
\font\T1/lmr/bx/it/17.28=ec-lmbxi10 at 17.28pt
\font\T1/lmr/bx/it/24.88=ec-lmbxi10 at 24.88pt
\font\T1/lmr/bx/it/9=ec-lmbxi10 at 9.0pt
\font\T1/lmr/bx/it/8=ec-lmbxi10 at 8.0pt
\font\T1/lmr/bx/it/5=ec-lmbxi10 at 5.0pt
589277 words of font info for 54 preloaded fonts
1141 hyphenation exceptions
Hyphenation trie of length 362718 has 8547 ops out of 35111
  143 for language 74
  377 for language 73
  110 for language 72
  138 for language 71
  224 for language 70
  7 for language 69
  12 for language 68
  53 for language 67
  533 for language 64
  127 for language 63
  183 for language 62
  71 for language 61
  248 for language 60
  62 for language 59
  66 for language 58
  119 for language 56
  43 for language 55
  58 for language 54
  7 for language 53
  194 for language 52
  2 for language 51
  37 for language 50
  852 for language 47
  551 for language 46
  235 for language 45
  18 for language 44
  21 for language 43
  38 for language 42
  77 for language 39
  58 for language 38
  25 for language 37
  27 for language 36
  37 for language 34
  229 for language 33
  38 for language 32
  21 for language 31
  147 for language 30
  185 for language 29
  50 for language 26
  551 for language 25
  207 for language 24
  39 for language 23
  76 for language 22
  89 for language 21
  31 for language 20
  113 for language 18
  145 for language 17
  265 for language 16
  60 for language 15
  63 for language 14
  19 for language 13
  14 for language 12
  105 for language 11
  21 for language 10
  54 for language 9
  852 for language 8
  5 for language 6
  97 for language 2
  137 for language 1
  181 for language 0
184 words of pdfTeX memory
47 indirect objects
No pages of output.

pdfTeX warning: pdftex: dangling objects discarded, no output file produced.

PDF statistics:
 47 PDF objects out of 1000 (max. 8388607)
 0 named destinations out of 1000 (max. 500000)
 185 words of extra memory for PDF output out of 10000 (max. 10000000)

